GNU Octave, version 3.8.1
Copyright (C) 2014 John W. Eaton and others.
This is free software; see the source code for copying conditions.
There is ABSOLUTELY NO WARRANTY; not even for MERCHANTABILITY or
FITNESS FOR A PARTICULAR PURPOSE.  For details, type 'warranty'.

Octave was configured for "x86_64-pc-linux-gnu".

Additional information about Octave is available at http://www.octave.org.

Please contribute if you find this software useful.
For more information, visit http://www.octave.org/get-involved.html

Read http://www.octave.org/bugs.html to learn how to submit bug reports.
For information about changes from previous versions, type 'news'.



Running Kruskal’s Algorithm
Lowest Cost: 109




Running Tabu Search (Length: 5, Iterations: 100)
    1/100: 528
    2/100: 520
    3/100: 512
    4/100: 504
    5/100: 496
    6/100: 488
    7/100: 480
    8/100: 472
    9/100: 464
    10/100: 456
^[[A    11/100: 448
    12/100: 440
    13/100: 432
    14/100: 424
    15/100: 416
    16/100: 409
    17/100: 402
    18/100: 395
    19/100: 388
    20/100: 381
    21/100: 374
    22/100: 367
    23/100: 360
    24/100: 353
    25/100: 346
    26/100: 339
    27/100: 332
    28/100: 326
    29/100: 320
    30/100: 314
    31/100: 308
    32/100: 302
    33/100: 296
    34/100: 290
    35/100: 284
    36/100: 278
    37/100: 272
    38/100: 267
    39/100: 262
    40/100: 257
    41/100: 252
    42/100: 247
    43/100: 242
    44/100: 237
    45/100: 232
    46/100: 227
    47/100: 222
    48/100: 218
    49/100: 214
    50/100: 210
    51/100: 206
    52/100: 202
    53/100: 198
    54/100: 194
    55/100: 190
    56/100: 186
    57/100: 182
    58/100: 178
    59/100: 174
    60/100: 170
    61/100: 167
    62/100: 164
    63/100: 161
    64/100: 158
    65/100: 155
    66/100: 152
    67/100: 149
    68/100: 146
    69/100: 143
    70/100: 140
    71/100: 138
    72/100: 136
    73/100: 134
    74/100: 132
    75/100: 130
    76/100: 128
    77/100: 126
    78/100: 124
    79/100: 122
    80/100: 120
    81/100: 119
    82/100: 118
    83/100: 117
    84/100: 116
    85/100: 115
    86/100: 114
    87/100: 113
    88/100: 112
    89/100: 111
    90/100: 110
Lowest Cost: 109




Running Tabu Search (Length: 10, Iterations: 100)
    1/100: 468
    2/100: 460
    3/100: 452
    4/100: 444
    5/100: 436
    6/100: 428
    7/100: 420
    8/100: 412
    9/100: 404
    10/100: 397
    11/100: 390
    12/100: 383
    13/100: 376
    14/100: 369
    15/100: 362
    16/100: 355
    17/100: 348
    18/100: 341
    19/100: 334
    20/100: 327
    21/100: 321
    22/100: 315
    23/100: 309
    24/100: 303
    25/100: 297
    26/100: 291
    27/100: 285
    28/100: 279
    29/100: 273
    30/100: 268
    31/100: 263
    32/100: 258
    33/100: 253
    34/100: 248
    35/100: 243
    36/100: 238
    37/100: 233
    38/100: 229
    39/100: 225
    40/100: 221
    41/100: 217
    42/100: 213
    43/100: 209
    44/100: 205
    45/100: 201
    46/100: 197
    47/100: 194
    48/100: 191
    49/100: 188
    50/100: 185
    51/100: 182
    52/100: 179
    53/100: 176
    54/100: 173
    55/100: 170
    56/100: 167
    57/100: 164
    58/100: 161
    59/100: 158
    60/100: 155
    61/100: 152
    62/100: 150
    63/100: 148
    64/100: 146
    65/100: 144
    66/100: 142
    67/100: 140
    68/100: 138
    69/100: 136
    70/100: 134
    71/100: 132
    72/100: 130
    73/100: 128
    74/100: 126
    75/100: 124
    76/100: 122
    77/100: 120
    78/100: 118
    79/100: 117
    80/100: 116
    81/100: 115
    82/100: 114
    83/100: 113
    84/100: 112
    85/100: 111
    86/100: 110
Lowest Cost: 109




Running Tabu Search (Length: 15, Iterations: 100)
    1/100: 533
    2/100: 525
    3/100: 517
    4/100: 509
    5/100: 501
    6/100: 493
    7/100: 485
    8/100: 477
    9/100: 469
    10/100: 461
    11/100: 453
    12/100: 445
    13/100: 437
    14/100: 430
    15/100: 423
    16/100: 416
    17/100: 409
    18/100: 402
    19/100: 395
    20/100: 388
    21/100: 381
    22/100: 375
    23/100: 369
    24/100: 363
    25/100: 357
    26/100: 351
    27/100: 345
    28/100: 339
    29/100: 333
    30/100: 327
    31/100: 321
    32/100: 315
    33/100: 309
    34/100: 303
    35/100: 297
    36/100: 291
    37/100: 285
    38/100: 279
    39/100: 274
    40/100: 269
    41/100: 264
    42/100: 259
    43/100: 254
    44/100: 249
    45/100: 244
    46/100: 239
    47/100: 234
    48/100: 229
    49/100: 224
    50/100: 219
    51/100: 215
    52/100: 211
    53/100: 207
    54/100: 203
    55/100: 199
    56/100: 195
    57/100: 191
    58/100: 187
    59/100: 183
    60/100: 179
    61/100: 175
    62/100: 172
    63/100: 169
    64/100: 166
    65/100: 163
    66/100: 160
    67/100: 157
    68/100: 154
    69/100: 151
    70/100: 148
    71/100: 145
    72/100: 142
    73/100: 139
    74/100: 136
    75/100: 134
    76/100: 132
    77/100: 130
    78/100: 128
    79/100: 126
    80/100: 124
    81/100: 122
    82/100: 120
    83/100: 118
    84/100: 117
    85/100: 116
    86/100: 115
    87/100: 114
    88/100: 113
    89/100: 112
    90/100: 111
    91/100: 110
Lowest Cost: 109




Running Tabu Search (Length: 25, Iterations: 100)
    1/100: 508
    2/100: 500
    3/100: 492
    4/100: 484
    5/100: 476
    6/100: 468
    7/100: 460
    8/100: 453
    9/100: 446
    10/100: 439
    11/100: 432
    12/100: 425
    13/100: 418
    14/100: 411
    15/100: 404
    16/100: 397
    17/100: 390
    18/100: 383
    19/100: 376
    20/100: 369
    21/100: 362
    22/100: 355
    23/100: 348
    24/100: 342
    25/100: 336
    26/100: 330
    27/100: 324
    28/100: 318
    29/100: 312
    30/100: 306
    31/100: 300
    32/100: 294
    33/100: 288
    34/100: 282
    35/100: 276
    36/100: 270
    37/100: 265
    38/100: 260
    39/100: 255
    40/100: 250
    41/100: 245
    42/100: 240
    43/100: 235
    44/100: 230
    45/100: 225
    46/100: 220
    47/100: 215
    48/100: 211
    49/100: 207
    50/100: 203
    51/100: 199
    52/100: 195
    53/100: 191
    54/100: 187
    55/100: 183
    56/100: 179
    57/100: 175
    58/100: 172
    59/100: 169
    60/100: 166
    61/100: 163
    62/100: 160
    63/100: 157
    64/100: 154
    65/100: 151
    66/100: 149
    67/100: 147
    68/100: 145
    69/100: 143
    70/100: 141
    71/100: 139
    72/100: 137
    73/100: 135
    74/100: 133
    75/100: 131
    76/100: 129
    77/100: 127
    78/100: 125
    79/100: 123
    80/100: 121
    81/100: 119
    82/100: 118
    83/100: 117
    84/100: 116
    85/100: 115
    86/100: 114
    87/100: 113
    88/100: 112
    89/100: 111
    90/100: 110
Lowest Cost: 109




Running Tabu Search (Length: 50, Iterations: 100)
    1/100: 511
    2/100: 503
    3/100: 495
    4/100: 487
    5/100: 479
    6/100: 471
    7/100: 463
    8/100: 455
    9/100: 447
    10/100: 439
    11/100: 431
    12/100: 423
    13/100: 415
    14/100: 407
    15/100: 399
    16/100: 392
    17/100: 385
    18/100: 378
    19/100: 371
    20/100: 364
    21/100: 357
    22/100: 350
    23/100: 343
    24/100: 336
    25/100: 329
    26/100: 322
    27/100: 315
    28/100: 309
    29/100: 303
    30/100: 297
    31/100: 291
    32/100: 285
    33/100: 279
    34/100: 273
    35/100: 267
    36/100: 261
    37/100: 255
    38/100: 250
    39/100: 245
    40/100: 240
    41/100: 235
    42/100: 230
    43/100: 225
    44/100: 220
    45/100: 215
    46/100: 210
    47/100: 205
    48/100: 200
    49/100: 195
    50/100: 190
    51/100: 186
    52/100: 182
    53/100: 178
    54/100: 174
    55/100: 170
    56/100: 166
    57/100: 163
    58/100: 160
    59/100: 157
    60/100: 154
    61/100: 151
    62/100: 148
    63/100: 145
    64/100: 142
    65/100: 139
    66/100: 136
    67/100: 133
    68/100: 131
    69/100: 129
    70/100: 127
    71/100: 125
    72/100: 123
    73/100: 122
    74/100: 121
    75/100: 120
    76/100: 119
    77/100: 118
    78/100: 117
    79/100: 116
    80/100: 115
    81/100: 114
    82/100: 113
    83/100: 112
    84/100: 111
    85/100: 110
Lowest Cost: 109




Running Tabu Search (Length: 5, Iterations: 100)
    1/100: 510
    2/100: 502
    3/100: 494
    4/100: 486
    5/100: 478
    6/100: 470
    7/100: 462
    8/100: 454
    9/100: 446
    10/100: 438
    11/100: 430
    12/100: 422
    13/100: 415
    14/100: 408
    15/100: 401
    16/100: 394
    17/100: 387
    18/100: 380
    19/100: 373
    20/100: 366
    21/100: 359
    22/100: 352
    23/100: 346
    24/100: 340
    25/100: 334
    26/100: 328
    27/100: 322
    28/100: 316
    29/100: 310
    30/100: 304
    31/100: 298
    32/100: 292
    33/100: 287
    34/100: 282
    35/100: 277
    36/100: 272
    37/100: 267
    38/100: 262
    39/100: 257
    40/100: 252
    41/100: 247
    42/100: 242
    43/100: 237
    44/100: 233
    45/100: 229
    46/100: 225
    47/100: 221
    48/100: 217
    49/100: 213
    50/100: 209
    51/100: 205
    52/100: 201
    53/100: 197
    54/100: 193
    55/100: 189
    56/100: 185
    57/100: 181
    58/100: 177
    59/100: 173
    60/100: 169
    61/100: 166
    62/100: 163
    63/100: 160
    64/100: 157
    65/100: 154
    66/100: 151
    67/100: 148
    68/100: 145
    69/100: 142
    70/100: 140
    71/100: 138
    72/100: 136
    73/100: 134
    74/100: 132
    75/100: 130
    76/100: 128
    77/100: 126
    78/100: 124
    79/100: 123
    80/100: 122
    81/100: 121
    82/100: 120
    83/100: 119
    84/100: 118
    85/100: 117
    86/100: 116
    87/100: 115
    88/100: 114
    89/100: 113
    90/100: 112
    91/100: 111
    92/100: 110
Lowest Cost: 109




Running Tabu Search (Length: 10, Iterations: 100)
    1/100: 514
    2/100: 506
    3/100: 498
    4/100: 490
    5/100: 482
    6/100: 474
    7/100: 466
    8/100: 458
    9/100: 450
    10/100: 442
    11/100: 434
    12/100: 426
    13/100: 419
    14/100: 412
    15/100: 405
    16/100: 398
    17/100: 391
    18/100: 384
    19/100: 377
    20/100: 370
    21/100: 363
    22/100: 357
    23/100: 351
    24/100: 345
    25/100: 339
    26/100: 333
    27/100: 327
    28/100: 321
    29/100: 315
    30/100: 309
    31/100: 303
    32/100: 297
    33/100: 291
    34/100: 285
    35/100: 279
    36/100: 274
    37/100: 269
    38/100: 264
    39/100: 259
    40/100: 254
    41/100: 249
    42/100: 245
    43/100: 241
    44/100: 237
    45/100: 233
    46/100: 229
    47/100: 225
    48/100: 221
    49/100: 217
    50/100: 213
    51/100: 209
    52/100: 205
    53/100: 201
    54/100: 197
    55/100: 193
    56/100: 189
    57/100: 185
    58/100: 181
    59/100: 177
    60/100: 173
    61/100: 169
    62/100: 166
    63/100: 163
g    64/100: 160
     65/100: 157
    66/100: 154
    67/100: 151
    68/100: 148
    69/100: 145
    70/100: 142
    71/100: 139
    72/100: 136
    73/100: 133
    74/100: 131
    75/100: 129
    76/100: 127
    77/100: 125
