GNU Octave, version 3.8.1
Copyright (C) 2014 John W. Eaton and others.
This is free software; see the source code for copying conditions.
There is ABSOLUTELY NO WARRANTY; not even for MERCHANTABILITY or
FITNESS FOR A PARTICULAR PURPOSE.  For details, type 'warranty'.

Octave was configured for "x86_64-pc-linux-gnu".

Additional information about Octave is available at http://www.octave.org.

Please contribute if you find this software useful.
For more information, visit http://www.octave.org/get-involved.html

Read http://www.octave.org/bugs.html to learn how to submit bug reports.
For information about changes from previous versions, type 'news'.



Running Kruskal’s Algorithm
Lowest Cost: 109




Running Tabu Search (Length: 5, Iterations: 100)
    1/100: 528
    2/100: 520
    3/100: 512
    4/100: 504
    5/100: 496
    6/100: 488
    7/100: 480
    8/100: 472
    9/100: 464
    10/100: 456
    11/100: 448
    12/100: 440
    13/100: 432
    14/100: 424
    15/100: 416
    16/100: 409
    17/100: 402
    18/100: 395
    19/100: 388
    20/100: 381
    21/100: 374
    22/100: 367
    23/100: 360
    24/100: 353
    25/100: 346
    26/100: 339
    27/100: 332
    28/100: 326
    29/100: 320
    30/100: 314
    31/100: 308
    32/100: 302
    33/100: 296
    34/100: 290
    35/100: 284
    36/100: 278
    37/100: 272
    38/100: 267
    39/100: 262
    40/100: 257
    41/100: 252
    42/100: 247
    43/100: 242
    44/100: 237
    45/100: 232
    46/100: 227
    47/100: 222
    48/100: 218
    49/100: 214
    50/100: 210
    51/100: 206
    52/100: 202
    53/100: 198
    54/100: 194
    55/100: 190
    56/100: 186
    57/100: 182
    58/100: 178
    59/100: 174
    60/100: 170
    61/100: 167
    62/100: 164
    63/100: 161
    64/100: 158
    65/100: 155
    66/100: 152
    67/100: 149
    68/100: 146
    69/100: 143
    70/100: 140
    71/100: 138
    72/100: 136
    73/100: 134
    74/100: 132
    75/100: 130
    76/100: 128
    77/100: 126
    78/100: 124
    79/100: 122
    80/100: 120
    81/100: 119
    82/100: 118
    83/100: 117
    84/100: 116
    85/100: 115
    86/100: 114
    87/100: 113
    88/100: 112
    89/100: 111
    90/100: 110
Lowest Cost: 109




Running Tabu Search (Length: 10, Iterations: 100)
    1/100: 468
    2/100: 460
    3/100: 452
    4/100: 444
    5/100: 436
    6/100: 428
    7/100: 420
    8/100: 412
    9/100: 404
    10/100: 397
    11/100: 390
    12/100: 383
    13/100: 376
    14/100: 369
    15/100: 362
    16/100: 355
    17/100: 348
    18/100: 341
    19/100: 334
    20/100: 327
    21/100: 321
    22/100: 315
    23/100: 309
    24/100: 303
    25/100: 297
    26/100: 291
    27/100: 285
    28/100: 279
    29/100: 273
    30/100: 268
    31/100: 263
    32/100: 258
    33/100: 253
    34/100: 248
    35/100: 243
    36/100: 238
    37/100: 233
    38/100: 229
    39/100: 225
    40/100: 221
    41/100: 217
    42/100: 213
    43/100: 209
    44/100: 205
    45/100: 201
    46/100: 197
    47/100: 194
    48/100: 191
    49/100: 188
    50/100: 185
    51/100: 182
    52/100: 179
    53/100: 176
    54/100: 173
    55/100: 170
    56/100: 167
    57/100: 164
    58/100: 161
    59/100: 158
    60/100: 155
    61/100: 152
    62/100: 150
    63/100: 148
    64/100: 146
    65/100: 144
    66/100: 142
    67/100: 140
    68/100: 138
    69/100: 136
    70/100: 134
    71/100: 132
    72/100: 130
    73/100: 128
    74/100: 126
    75/100: 124
    76/100: 122
    77/100: 120
    78/100: 118
    79/100: 117
    80/100: 116
    81/100: 115
    82/100: 114
    83/100: 113
    84/100: 112
    85/100: 111
    86/100: 110
Lowest Cost: 109




Running Tabu Search (Length: 15, Iterations: 100)
    1/100: 533
    2/100: 525
    3/100: 517
    4/100: 509
    5/100: 501
    6/100: 493
    7/100: 485
    8/100: 477
    9/100: 469
    10/100: 461
    11/100: 453
    12/100: 445
    13/100: 437
    14/100: 430
    15/100: 423
    16/100: 416
    17/100: 409
    18/100: 402
    19/100: 395
    20/100: 388
    21/100: 381
    22/100: 375
    23/100: 369
    24/100: 363
    25/100: 357
    26/100: 351
    27/100: 345
    28/100: 339
    29/100: 333
    30/100: 327
    31/100: 321
    32/100: 315
    33/100: 309
    34/100: 303
    35/100: 297
    36/100: 291
    37/100: 285
    38/100: 279
    39/100: 274
    40/100: 269
    41/100: 264
    42/100: 259
    43/100: 254
    44/100: 249
    45/100: 244
    46/100: 239
    47/100: 234
    48/100: 229
    49/100: 224
    50/100: 219
    51/100: 215
    52/100: 211
    53/100: 207
    54/100: 203
    55/100: 199
    56/100: 195
    57/100: 191
    58/100: 187
    59/100: 183
    60/100: 179
    61/100: 175
    62/100: 172
    63/100: 169
    64/100: 166
    65/100: 163
    66/100: 160
    67/100: 157
    68/100: 154
    69/100: 151
    70/100: 148
    71/100: 145
    72/100: 142
    73/100: 139
    74/100: 136
    75/100: 134
    76/100: 132
    77/100: 130
    78/100: 128
    79/100: 126
    80/100: 124
    81/100: 122
    82/100: 120
    83/100: 118
    84/100: 117
    85/100: 116
    86/100: 115
    87/100: 114
    88/100: 113
    89/100: 112
    90/100: 111
    91/100: 110
Lowest Cost: 109




Running Tabu Search (Length: 25, Iterations: 100)
    1/100: 508
    2/100: 500
    3/100: 492
    4/100: 484
    5/100: 476
    6/100: 468
    7/100: 460
    8/100: 453
    9/100: 446
    10/100: 439
    11/100: 432
    12/100: 425
    13/100: 418
    14/100: 411
    15/100: 404
    16/100: 397
    17/100: 390
    18/100: 383
    19/100: 376
    20/100: 369
    21/100: 362
    22/100: 355
    23/100: 348
    24/100: 342
    25/100: 336
    26/100: 330
    27/100: 324
    28/100: 318
    29/100: 312
    30/100: 306
    31/100: 300
    32/100: 294
    33/100: 288
    34/100: 282
    35/100: 276
    36/100: 270
    37/100: 265
    38/100: 260
    39/100: 255
    40/100: 250
    41/100: 245
    42/100: 240
    43/100: 235
    44/100: 230
    45/100: 225
    46/100: 220
    47/100: 215
    48/100: 211
    49/100: 207
    50/100: 203
    51/100: 199
    52/100: 195
    53/100: 191
    54/100: 187
    55/100: 183
    56/100: 179
    57/100: 175
    58/100: 172
    59/100: 169
    60/100: 166
    61/100: 163
    62/100: 160
    63/100: 157
    64/100: 154
    65/100: 151
    66/100: 149
    67/100: 147
    68/100: 145
    69/100: 143
    70/100: 141
    71/100: 139
    72/100: 137
    73/100: 135
    74/100: 133
    75/100: 131
    76/100: 129
    77/100: 127
    78/100: 125
    79/100: 123
    80/100: 121
    81/100: 119
    82/100: 118
    83/100: 117
    84/100: 116
    85/100: 115
    86/100: 114
    87/100: 113
    88/100: 112
    89/100: 111
    90/100: 110
Lowest Cost: 109




Running Tabu Search (Length: 50, Iterations: 100)
    1/100: 511
    2/100: 503
    3/100: 495
    4/100: 487
    5/100: 479
    6/100: 471
    7/100: 463
    8/100: 455
    9/100: 447
    10/100: 439
    11/100: 431
    12/100: 423
    13/100: 415
    14/100: 407
    15/100: 399
    16/100: 392
    17/100: 385
    18/100: 378
    19/100: 371
    20/100: 364
    21/100: 357
    22/100: 350
    23/100: 343
    24/100: 336
    25/100: 329
    26/100: 322
    27/100: 315
    28/100: 309
    29/100: 303
    30/100: 297
    31/100: 291
    32/100: 285
    33/100: 279
    34/100: 273
    35/100: 267
    36/100: 261
    37/100: 255
    38/100: 250
    39/100: 245
    40/100: 240
    41/100: 235
    42/100: 230
    43/100: 225
    44/100: 220
    45/100: 215
    46/100: 210
    47/100: 205
    48/100: 200
    49/100: 195
    50/100: 190
    51/100: 186
    52/100: 182
    53/100: 178
    54/100: 174
    55/100: 170
    56/100: 166
    57/100: 163
    58/100: 160
    59/100: 157
    60/100: 154
    61/100: 151
    62/100: 148
    63/100: 145
    64/100: 142
    65/100: 139
    66/100: 136
    67/100: 133
    68/100: 131
    69/100: 129
    70/100: 127
    71/100: 125
    72/100: 123
    73/100: 122
    74/100: 121
    75/100: 120
    76/100: 119
    77/100: 118
    78/100: 117
    79/100: 116
    80/100: 115
    81/100: 114
    82/100: 113
    83/100: 112
    84/100: 111
    85/100: 110
Lowest Cost: 109




Running Tabu Search (Length: 5, Iterations: 100)
    1/100: 510
    2/100: 502
    3/100: 494
    4/100: 486
    5/100: 478
    6/100: 470
    7/100: 462
    8/100: 454
    9/100: 446
    10/100: 438
    11/100: 430
    12/100: 422
    13/100: 415
    14/100: 408
    15/100: 401
    16/100: 394
    17/100: 387
    18/100: 380
    19/100: 373
    20/100: 366
    21/100: 359
    22/100: 352
    23/100: 346
    24/100: 340
    25/100: 334
    26/100: 328
    27/100: 322
    28/100: 316
    29/100: 310
    30/100: 304
    31/100: 298
    32/100: 292
    33/100: 287
    34/100: 282
    35/100: 277
    36/100: 272
    37/100: 267
    38/100: 262
    39/100: 257
    40/100: 252
    41/100: 247
    42/100: 242
    43/100: 237
    44/100: 233
    45/100: 229
    46/100: 225
    47/100: 221
    48/100: 217
    49/100: 213
    50/100: 209
    51/100: 205
    52/100: 201
    53/100: 197
    54/100: 193
    55/100: 189
    56/100: 185
    57/100: 181
    58/100: 177
    59/100: 173
    60/100: 169
    61/100: 166
    62/100: 163
    63/100: 160
    64/100: 157
    65/100: 154
    66/100: 151
    67/100: 148
    68/100: 145
    69/100: 142
    70/100: 140
    71/100: 138
    72/100: 136
    73/100: 134
    74/100: 132
    75/100: 130
    76/100: 128
    77/100: 126
    78/100: 124
    79/100: 123
    80/100: 122
    81/100: 121
    82/100: 120
    83/100: 119
    84/100: 118
    85/100: 117
    86/100: 116
    87/100: 115
    88/100: 114
    89/100: 113
    90/100: 112
    91/100: 111
    92/100: 110
Lowest Cost: 109




Running Tabu Search (Length: 10, Iterations: 100)
    1/100: 514
    2/100: 506
    3/100: 498
    4/100: 490
    5/100: 482
    6/100: 474
    7/100: 466
    8/100: 458
    9/100: 450
    10/100: 442
    11/100: 434
    12/100: 426
    13/100: 419
    14/100: 412
    15/100: 405
    16/100: 398
    17/100: 391
    18/100: 384
    19/100: 377
    20/100: 370
    21/100: 363
    22/100: 357
    23/100: 351
    24/100: 345
    25/100: 339
    26/100: 333
    27/100: 327
    28/100: 321
    29/100: 315
    30/100: 309
    31/100: 303
    32/100: 297
    33/100: 291
    34/100: 285
    35/100: 279
    36/100: 274
    37/100: 269
    38/100: 264
    39/100: 259
    40/100: 254
    41/100: 249
    42/100: 245
    43/100: 241
    44/100: 237
    45/100: 233
    46/100: 229
    47/100: 225
    48/100: 221
    49/100: 217
    50/100: 213
    51/100: 209
    52/100: 205
    53/100: 201
    54/100: 197
    55/100: 193
    56/100: 189
    57/100: 185
    58/100: 181
    59/100: 177
    60/100: 173
    61/100: 169
    62/100: 166
    63/100: 163
    64/100: 160
    65/100: 157
    66/100: 154
    67/100: 151
    68/100: 148
    69/100: 145
    70/100: 142
    71/100: 139
    72/100: 136
    73/100: 133
    74/100: 131
    75/100: 129
    76/100: 127
    77/100: 125
    78/100: 123
    79/100: 121
    80/100: 119
    81/100: 118
    82/100: 117
    83/100: 116
    84/100: 115
    85/100: 114
    86/100: 113
    87/100: 112
    88/100: 111
    89/100: 110
Lowest Cost: 109




Running Tabu Search (Length: 15, Iterations: 100)
    1/100: 512
    2/100: 504
    3/100: 496
    4/100: 488
    5/100: 480
    6/100: 472
    7/100: 464
    8/100: 456
    9/100: 448
    10/100: 440
    11/100: 432
    12/100: 424
    13/100: 416
    14/100: 408
    15/100: 400
    16/100: 392
    17/100: 384
    18/100: 377
    19/100: 370
    20/100: 363
    21/100: 356
    22/100: 349
    23/100: 342
    24/100: 335
    25/100: 328
    26/100: 321
    27/100: 314
    28/100: 308
    29/100: 302
    30/100: 296
    31/100: 290
    32/100: 284
    33/100: 278
    34/100: 272
    35/100: 266
    36/100: 260
    37/100: 255
    38/100: 250
    39/100: 245
    40/100: 240
    41/100: 235
    42/100: 230
    43/100: 226
    44/100: 222
    45/100: 218
    46/100: 214
    47/100: 210
    48/100: 206
    49/100: 202
    50/100: 198
    51/100: 194
    52/100: 190
    53/100: 186
    54/100: 182
    55/100: 179
    56/100: 176
    57/100: 173
    58/100: 170
    59/100: 167
    60/100: 164
    61/100: 161
    62/100: 158
    63/100: 155
    64/100: 152
    65/100: 149
    66/100: 146
    67/100: 143
    68/100: 140
    69/100: 138
    70/100: 136
    71/100: 134
    72/100: 132
    73/100: 130
    74/100: 128
    75/100: 126
    76/100: 124
    77/100: 122
    78/100: 120
    79/100: 118
    80/100: 116
    81/100: 115
    82/100: 114
    83/100: 113
    84/100: 112
    85/100: 111
    86/100: 110
Lowest Cost: 109




Running Tabu Search (Length: 25, Iterations: 100)
    1/100: 468
    2/100: 460
    3/100: 452
    4/100: 444
    5/100: 436
    6/100: 428
    7/100: 420
    8/100: 412
    9/100: 404
    10/100: 397
    11/100: 390
    12/100: 383
    13/100: 376
    14/100: 369
    15/100: 362
    16/100: 355
    17/100: 348
    18/100: 341
    19/100: 335
    20/100: 329
    21/100: 323
    22/100: 317
    23/100: 311
    24/100: 305
    25/100: 299
    26/100: 293
    27/100: 287
    28/100: 281
    29/100: 276
    30/100: 271
    31/100: 266
    32/100: 261
    33/100: 256
    34/100: 251
    35/100: 246
    36/100: 241
    37/100: 236
    38/100: 231
    39/100: 226
    40/100: 221
    41/100: 217
    42/100: 213
    43/100: 209
    44/100: 205
    45/100: 201
    46/100: 197
    47/100: 193
    48/100: 189
    49/100: 185
    50/100: 181
    51/100: 177
    52/100: 174
    53/100: 171
    54/100: 168
    55/100: 165
    56/100: 162
    57/100: 159
    58/100: 156
    59/100: 153
    60/100: 150
    61/100: 147
    62/100: 145
    63/100: 143
    64/100: 141
    65/100: 139
    66/100: 137
    67/100: 135
    68/100: 133
    69/100: 131
    70/100: 129
    71/100: 127
    72/100: 125
    73/100: 123
    74/100: 121
    75/100: 120
    76/100: 119
    77/100: 118
    78/100: 117
    79/100: 116
    80/100: 115
    81/100: 114
    82/100: 113
    83/100: 112
    84/100: 111
    85/100: 110
Lowest Cost: 109




Running Tabu Search (Length: 50, Iterations: 100)
    1/100: 521
    2/100: 513
    3/100: 505
    4/100: 497
    5/100: 489
    6/100: 481
    7/100: 473
    8/100: 465
    9/100: 458
    10/100: 451
    11/100: 444
    12/100: 437
    13/100: 430
    14/100: 423
    15/100: 416
    16/100: 409
    17/100: 402
    18/100: 395
    19/100: 388
    20/100: 381
    21/100: 374
    22/100: 367
    23/100: 361
    24/100: 355
    25/100: 349
    26/100: 343
    27/100: 337
    28/100: 331
    29/100: 325
    30/100: 319
    31/100: 313
    32/100: 307
    33/100: 301
    34/100: 295
    35/100: 289
    36/100: 283
    37/100: 277
    38/100: 271
    39/100: 265
    40/100: 260
    41/100: 255
    42/100: 250
    43/100: 245
    44/100: 240
    45/100: 235
    46/100: 230
    47/100: 225
    48/100: 220
    49/100: 215
    50/100: 211
    51/100: 207
    52/100: 203
    53/100: 199
    54/100: 195
    55/100: 191
    56/100: 187
    57/100: 183
    58/100: 179
    59/100: 175
    60/100: 172
    61/100: 169
    62/100: 166
    63/100: 163
    64/100: 160
    65/100: 157
    66/100: 154
    67/100: 151
    68/100: 148
    69/100: 145
    70/100: 142
    71/100: 139
    72/100: 137
    73/100: 135
    74/100: 133
    75/100: 131
    76/100: 129
    77/100: 127
    78/100: 125
    79/100: 123
    80/100: 121
    81/100: 119
    82/100: 117
    83/100: 116
    84/100: 115
    85/100: 114
    86/100: 113
    87/100: 112
    88/100: 111
    89/100: 110
Lowest Cost: 109




Running Tabu Search (Length: 5, Iterations: 100)
    1/100: 495
    2/100: 487
    3/100: 479
    4/100: 471
    5/100: 463
    6/100: 455
    7/100: 447
    8/100: 440
    9/100: 433
    10/100: 426
    11/100: 419
    12/100: 412
    13/100: 405
    14/100: 398
    15/100: 391
    16/100: 384
    17/100: 377
    18/100: 370
    19/100: 363
    20/100: 356
    21/100: 349
    22/100: 342
    23/100: 335
    24/100: 328
    25/100: 322
    26/100: 316
    27/100: 310
    28/100: 304
    29/100: 298
    30/100: 292
    31/100: 286
    32/100: 280
    33/100: 274
    34/100: 268
    35/100: 262
    36/100: 256
    37/100: 250
    38/100: 244
    39/100: 238
    40/100: 233
    41/100: 228
    42/100: 223
    43/100: 218
    44/100: 213
    45/100: 208
    46/100: 203
    47/100: 199
    48/100: 195
    49/100: 191
    50/100: 187
    51/100: 183
    52/100: 179
    53/100: 175
    54/100: 172
    55/100: 169
    56/100: 166
    57/100: 163
    58/100: 160
    59/100: 157
    60/100: 154
    61/100: 151
    62/100: 149
    63/100: 147
    64/100: 145
    65/100: 143
    66/100: 141
    67/100: 139
    68/100: 137
    69/100: 135
    70/100: 133
    71/100: 131
    72/100: 129
    73/100: 127
    74/100: 125
    75/100: 123
    76/100: 122
    77/100: 121
    78/100: 120
    79/100: 119
    80/100: 118
    81/100: 117
    82/100: 116
    83/100: 115
    84/100: 114
    85/100: 113
    86/100: 112
    87/100: 111
    88/100: 110
Lowest Cost: 109




Running Tabu Search (Length: 10, Iterations: 100)
    1/100: 489
    2/100: 481
    3/100: 473
    4/100: 465
    5/100: 457
    6/100: 449
    7/100: 441
    8/100: 434
    9/100: 427
    10/100: 420
    11/100: 413
    12/100: 406
    13/100: 399
    14/100: 392
    15/100: 385
    16/100: 378
    17/100: 371
    18/100: 364
    19/100: 357
    20/100: 351
    21/100: 345
    22/100: 339
    23/100: 333
    24/100: 327
    25/100: 321
    26/100: 315
    27/100: 309
    28/100: 303
    29/100: 297
    30/100: 291
    31/100: 285
    32/100: 279
    33/100: 274
    34/100: 269
    35/100: 264
    36/100: 259
    37/100: 254
    38/100: 249
    39/100: 244
    40/100: 239
    41/100: 234
    42/100: 229
    43/100: 224
    44/100: 219
    45/100: 214
    46/100: 209
    47/100: 204
    48/100: 200
    49/100: 196
    50/100: 192
    51/100: 188
    52/100: 184
    53/100: 181
    54/100: 178
    55/100: 175
    56/100: 172
    57/100: 169
    58/100: 166
    59/100: 163
    60/100: 160
    61/100: 157
    62/100: 154
    63/100: 151
    64/100: 148
    65/100: 145
    66/100: 142
    67/100: 139
    68/100: 137
    69/100: 135
    70/100: 133
    71/100: 131
    72/100: 129
    73/100: 127
    74/100: 125
    75/100: 123
    76/100: 121
    77/100: 119
    78/100: 117
    79/100: 115
    80/100: 114
    81/100: 113
    82/100: 112
    83/100: 111
    84/100: 110
Lowest Cost: 109




Running Tabu Search (Length: 15, Iterations: 100)
    1/100: 444
    2/100: 436
    3/100: 428
    4/100: 420
    5/100: 412
    6/100: 404
    7/100: 396
    8/100: 388
    9/100: 381
    10/100: 374
    11/100: 367
    12/100: 360
    13/100: 353
    14/100: 346
    15/100: 340
    16/100: 334
    17/100: 328
    18/100: 322
    19/100: 316
    20/100: 310
    21/100: 304
    22/100: 298
    23/100: 293
    24/100: 288
    25/100: 283
    26/100: 278
    27/100: 273
    28/100: 268
    29/100: 263
    30/100: 258
    31/100: 253
    32/100: 248
    33/100: 243
    34/100: 239
    35/100: 235
    36/100: 231
    37/100: 227
    38/100: 223
    39/100: 219
    40/100: 215
    41/100: 211
    42/100: 207
    43/100: 203
    44/100: 199
    45/100: 195
    46/100: 191
    47/100: 187
    48/100: 183
    49/100: 179
    50/100: 175
    51/100: 172
    52/100: 169
    53/100: 166
    54/100: 163
    55/100: 160
    56/100: 157
    57/100: 154
    58/100: 151
    59/100: 148
    60/100: 145
    61/100: 142
    62/100: 139
    63/100: 137
    64/100: 135
    65/100: 133
    66/100: 131
    67/100: 129
    68/100: 127
    69/100: 125
    70/100: 123
    71/100: 121
    72/100: 120
    73/100: 119
    74/100: 118
    75/100: 117
    76/100: 116
    77/100: 115
    78/100: 114
    79/100: 113
    80/100: 112
    81/100: 111
    82/100: 110
Lowest Cost: 109




Running Tabu Search (Length: 25, Iterations: 100)
    1/100: 481
    2/100: 473
    3/100: 465
    4/100: 457
    5/100: 449
    6/100: 441
    7/100: 433
    8/100: 426
    9/100: 419
    10/100: 412
    11/100: 405
    12/100: 398
    13/100: 391
    14/100: 384
    15/100: 377
    16/100: 370
    17/100: 363
    18/100: 356
    19/100: 349
    20/100: 342
    21/100: 335
    22/100: 329
    23/100: 323
    24/100: 317
    25/100: 311
    26/100: 305
    27/100: 299
    28/100: 293
    29/100: 287
    30/100: 281
    31/100: 275
    32/100: 269
    33/100: 263
    34/100: 258
    35/100: 253
    36/100: 248
    37/100: 243
    38/100: 238
    39/100: 233
    40/100: 228
    41/100: 223
    42/100: 218
    43/100: 213
    44/100: 209
    45/100: 205
    46/100: 201
    47/100: 197
    48/100: 193
    49/100: 189
    50/100: 185
    51/100: 181
    52/100: 178
    53/100: 175
    54/100: 172
    55/100: 169
    56/100: 166
    57/100: 163
    58/100: 160
    59/100: 157
    60/100: 154
    61/100: 151
    62/100: 148
    63/100: 145
    64/100: 142
    65/100: 140
    66/100: 138
    67/100: 136
    68/100: 134
    69/100: 132
    70/100: 130
    71/100: 128
    72/100: 126
    73/100: 124
    74/100: 122
    75/100: 120
    76/100: 118
    77/100: 117
    78/100: 116
    79/100: 115
    80/100: 114
    81/100: 113
    82/100: 112
    83/100: 111
    84/100: 110
Lowest Cost: 109




Running Tabu Search (Length: 50, Iterations: 100)
    1/100: 498
    2/100: 490
    3/100: 482
    4/100: 474
    5/100: 466
    6/100: 458
    7/100: 450
    8/100: 442
    9/100: 434
    10/100: 426
    11/100: 418
    12/100: 411
    13/100: 404
    14/100: 397
    15/100: 390
    16/100: 383
    17/100: 376
    18/100: 369
    19/100: 362
    20/100: 355
    21/100: 348
    22/100: 341
    23/100: 334
    24/100: 327
    25/100: 321
    26/100: 315
    27/100: 309
    28/100: 303
    29/100: 297
    30/100: 291
    31/100: 285
    32/100: 279
    33/100: 273
    34/100: 268
    35/100: 263
    36/100: 258
    37/100: 253
    38/100: 248
    39/100: 243
    40/100: 238
    41/100: 233
    42/100: 228
    43/100: 223
    44/100: 218
    45/100: 213
    46/100: 208
    47/100: 203
    48/100: 198
    49/100: 194
    50/100: 190
    51/100: 186
    52/100: 182
    53/100: 178
    54/100: 174
    55/100: 170
    56/100: 166
    57/100: 162
    58/100: 159
    59/100: 156
    60/100: 153
    61/100: 150
    62/100: 147
    63/100: 144
    64/100: 141
    65/100: 138
    66/100: 136
    67/100: 134
    68/100: 132
    69/100: 130
    70/100: 128
    71/100: 126
    72/100: 124
    73/100: 122
    74/100: 120
    75/100: 118
    76/100: 116
    77/100: 114
    78/100: 113
    79/100: 112
    80/100: 111
    81/100: 110
Lowest Cost: 109




Running Tabu Search (Length: 5, Iterations: 100)
    1/100: 487
    2/100: 479
    3/100: 471
    4/100: 463
    5/100: 455
    6/100: 447
    7/100: 439
    8/100: 431
    9/100: 423
    10/100: 416
    11/100: 409
    12/100: 402
    13/100: 395
    14/100: 388
    15/100: 381
    16/100: 374
    17/100: 367
    18/100: 360
    19/100: 353
    20/100: 346
    21/100: 340
    22/100: 334
    23/100: 328
    24/100: 322
    25/100: 316
    26/100: 310
    27/100: 304
    28/100: 298
    29/100: 292
    30/100: 286
    31/100: 280
    32/100: 274
    33/100: 268
    34/100: 263
    35/100: 258
    36/100: 253
    37/100: 248
    38/100: 243
    39/100: 238
    40/100: 234
    41/100: 230
    42/100: 226
    43/100: 222
    44/100: 218
    45/100: 214
    46/100: 210
    47/100: 206
    48/100: 202
    49/100: 198
    50/100: 194
    51/100: 190
    52/100: 186
    53/100: 182
    54/100: 178
    55/100: 174
    56/100: 171
    57/100: 168
    58/100: 165
    59/100: 162
    60/100: 159
    61/100: 156
    62/100: 153
    63/100: 150
    64/100: 147
    65/100: 145
    66/100: 143
    67/100: 141
    68/100: 139
    69/100: 137
    70/100: 135
    71/100: 133
    72/100: 131
    73/100: 129
    74/100: 127
    75/100: 125
    76/100: 123
    77/100: 121
    78/100: 119
    79/100: 118
    80/100: 117
    81/100: 116
    82/100: 115
    83/100: 114
    84/100: 113
    85/100: 112
    86/100: 111
    87/100: 110
Lowest Cost: 109




Running Tabu Search (Length: 10, Iterations: 100)
    1/100: 522
    2/100: 514
    3/100: 506
    4/100: 498
    5/100: 490
    6/100: 482
    7/100: 474
    8/100: 466
    9/100: 458
    10/100: 450
    11/100: 443
    12/100: 436
    13/100: 429
    14/100: 422
    15/100: 415
    16/100: 408
    17/100: 401
    18/100: 394
    19/100: 387
    20/100: 380
    21/100: 373
    22/100: 367
    23/100: 361
    24/100: 355
    25/100: 349
    26/100: 343
    27/100: 337
    28/100: 331
    29/100: 325
    30/100: 319
    31/100: 313
    32/100: 307
    33/100: 301
    34/100: 295
    35/100: 289
    36/100: 283
    37/100: 278
    38/100: 273
    39/100: 268
    40/100: 263
    41/100: 258
    42/100: 253
    43/100: 248
    44/100: 243
    45/100: 238
    46/100: 233
    47/100: 228
    48/100: 223
    49/100: 218
    50/100: 213
    51/100: 209
    52/100: 205
    53/100: 201
    54/100: 197
    55/100: 193
    56/100: 189
    57/100: 185
    58/100: 181
    59/100: 178
    60/100: 175
    61/100: 172
    62/100: 169
    63/100: 166
    64/100: 163
    65/100: 160
    66/100: 157
    67/100: 154
    68/100: 151
    69/100: 148
    70/100: 145
    71/100: 142
    72/100: 139
    73/100: 136
    74/100: 133
    75/100: 131
    76/100: 129
    77/100: 127
    78/100: 125
    79/100: 123
    80/100: 121
    81/100: 119
    82/100: 117
    83/100: 115
    84/100: 114
    85/100: 113
    86/100: 112
    87/100: 111
    88/100: 110
Lowest Cost: 109




Running Tabu Search (Length: 15, Iterations: 100)
    1/100: 477
    2/100: 469
    3/100: 461
    4/100: 453
    5/100: 445
    6/100: 437
    7/100: 429
    8/100: 421
    9/100: 413
    10/100: 406
    11/100: 399
    12/100: 392
    13/100: 385
    14/100: 378
    15/100: 371
    16/100: 364
    17/100: 357
    18/100: 350
    19/100: 344
    20/100: 338
    21/100: 332
    22/100: 326
    23/100: 320
    24/100: 314
    25/100: 308
    26/100: 302
    27/100: 296
    28/100: 290
    29/100: 284
    30/100: 278
    31/100: 272
    32/100: 266
    33/100: 260
    34/100: 254
    35/100: 248
    36/100: 243
    37/100: 238
    38/100: 233
    39/100: 228
    40/100: 223
    41/100: 219
    42/100: 215
    43/100: 211
    44/100: 207
    45/100: 203
    46/100: 199
    47/100: 195
    48/100: 191
    49/100: 187
    50/100: 183
    51/100: 179
    52/100: 175
    53/100: 171
    54/100: 168
    55/100: 165
    56/100: 162
    57/100: 159
    58/100: 156
    59/100: 153
    60/100: 150
    61/100: 147
    62/100: 145
    63/100: 143
    64/100: 141
    65/100: 139
    66/100: 137
    67/100: 135
    68/100: 133
    69/100: 131
    70/100: 129
    71/100: 127
    72/100: 125
    73/100: 123
    74/100: 121
    75/100: 120
    76/100: 119
    77/100: 118
    78/100: 117
    79/100: 116
    80/100: 115
    81/100: 114
    82/100: 113
    83/100: 112
    84/100: 111
    85/100: 110
Lowest Cost: 109




Running Tabu Search (Length: 25, Iterations: 100)
    1/100: 496
    2/100: 488
    3/100: 480
    4/100: 472
    5/100: 464
    6/100: 456
    7/100: 448
    8/100: 440
    9/100: 432
    10/100: 424
    11/100: 416
    12/100: 409
    13/100: 402
    14/100: 395
    15/100: 388
    16/100: 381
    17/100: 374
    18/100: 367
    19/100: 360
    20/100: 353
    21/100: 346
    22/100: 339
    23/100: 332
    24/100: 325
    25/100: 318
    26/100: 312
    27/100: 306
    28/100: 300
    29/100: 294
    30/100: 288
    31/100: 282
    32/100: 276
    33/100: 270
    34/100: 264
    35/100: 258
    36/100: 253
    37/100: 248
    38/100: 243
    39/100: 238
    40/100: 233
    41/100: 228
    42/100: 223
    43/100: 218
    44/100: 214
    45/100: 210
    46/100: 206
    47/100: 202
    48/100: 198
    49/100: 194
    50/100: 190
    51/100: 186
    52/100: 182
    53/100: 178
    54/100: 174
    55/100: 170
    56/100: 167
    57/100: 164
    58/100: 161
    59/100: 158
    60/100: 155
    61/100: 152
    62/100: 149
    63/100: 146
    64/100: 144
    65/100: 142
    66/100: 140
    67/100: 138
    68/100: 136
    69/100: 134
    70/100: 132
    71/100: 130
    72/100: 128
    73/100: 126
    74/100: 124
    75/100: 122
    76/100: 120
    77/100: 118
    78/100: 116
    79/100: 115
    80/100: 114
    81/100: 113
    82/100: 112
    83/100: 111
    84/100: 110
Lowest Cost: 109




Running Tabu Search (Length: 50, Iterations: 100)
    1/100: 525
    2/100: 517
    3/100: 509
    4/100: 501
    5/100: 493
    6/100: 485
    7/100: 477
    8/100: 469
    9/100: 461
    10/100: 453
    11/100: 445
    12/100: 437
    13/100: 429
    14/100: 422
    15/100: 415
    16/100: 408
    17/100: 401
    18/100: 394
    19/100: 387
    20/100: 380
    21/100: 373
    22/100: 366
    23/100: 359
    24/100: 352
    25/100: 345
    26/100: 338
    27/100: 331
    28/100: 325
    29/100: 319
    30/100: 313
    31/100: 307
    32/100: 301
    33/100: 295
    34/100: 289
    35/100: 283
    36/100: 277
    37/100: 271
    38/100: 265
    39/100: 259
    40/100: 254
    41/100: 249
    42/100: 244
    43/100: 239
    44/100: 234
    45/100: 229
    46/100: 224
    47/100: 219
    48/100: 214
    49/100: 209
    50/100: 205
    51/100: 201
    52/100: 197
    53/100: 193
    54/100: 189
    55/100: 185
    56/100: 181
    57/100: 177
    58/100: 173
    59/100: 169
    60/100: 165
    61/100: 161
    62/100: 158
    63/100: 155
    64/100: 152
    65/100: 149
    66/100: 146
    67/100: 143
    68/100: 140
    69/100: 137
    70/100: 134
    71/100: 131
    72/100: 128
    73/100: 126
    74/100: 124
    75/100: 122
    76/100: 120
    77/100: 119
    78/100: 118
    79/100: 117
    80/100: 116
    81/100: 115
    82/100: 114
    83/100: 113
    84/100: 112
    85/100: 111
    86/100: 110
Lowest Cost: 109




Running Tabu Search (Length: 5, Iterations: 100)
    1/100: 494
    2/100: 486
    3/100: 478
    4/100: 470
    5/100: 462
    6/100: 454
    7/100: 446
    8/100: 438
    9/100: 430
    10/100: 422
    11/100: 414
    12/100: 406
    13/100: 398
    14/100: 391
    15/100: 384
    16/100: 377
    17/100: 370
    18/100: 363
    19/100: 356
    20/100: 349
    21/100: 342
    22/100: 335
    23/100: 328
    24/100: 321
    25/100: 314
    26/100: 307
    27/100: 300
    28/100: 294
    29/100: 288
    30/100: 282
    31/100: 276
    32/100: 270
    33/100: 264
    34/100: 258
    35/100: 253
    36/100: 248
    37/100: 243
    38/100: 238
    39/100: 233
    40/100: 228
    41/100: 223
    42/100: 218
    43/100: 213
    44/100: 208
    45/100: 204
    46/100: 200
    47/100: 196
    48/100: 192
    49/100: 188
    50/100: 184
    51/100: 181
    52/100: 178
    53/100: 175
    54/100: 172
    55/100: 169
    56/100: 166
    57/100: 163
    58/100: 160
    59/100: 157
    60/100: 154
    61/100: 151
    62/100: 148
    63/100: 145
    64/100: 143
    65/100: 141
    66/100: 139
    67/100: 137
    68/100: 135
    69/100: 133
    70/100: 131
    71/100: 129
    72/100: 127
    73/100: 125
    74/100: 123
    75/100: 121
    76/100: 119
    77/100: 117
    78/100: 116
    79/100: 115
    80/100: 114
    81/100: 113
    82/100: 112
    83/100: 111
    84/100: 110
Lowest Cost: 109




Running Tabu Search (Length: 10, Iterations: 100)
    1/100: 451
    2/100: 443
    3/100: 435
    4/100: 427
    5/100: 419
    6/100: 412
    7/100: 405
    8/100: 398
    9/100: 391
    10/100: 384
    11/100: 377
    12/100: 370
    13/100: 363
    14/100: 356
    15/100: 349
    16/100: 342
    17/100: 335
    18/100: 329
    19/100: 323
    20/100: 317
    21/100: 311
    22/100: 305
    23/100: 299
    24/100: 293
    25/100: 288
    26/100: 283
    27/100: 278
    28/100: 273
    29/100: 268
    30/100: 263
    31/100: 258
    32/100: 253
    33/100: 248
    34/100: 243
    35/100: 238
    36/100: 234
    37/100: 230
    38/100: 226
    39/100: 222
    40/100: 218
    41/100: 214
    42/100: 210
    43/100: 206
    44/100: 202
    45/100: 198
    46/100: 194
    47/100: 191
    48/100: 188
    49/100: 185
    50/100: 182
    51/100: 179
    52/100: 176
    53/100: 173
    54/100: 170
    55/100: 167
    56/100: 164
    57/100: 161
    58/100: 158
    59/100: 155
    60/100: 152
    61/100: 149
    62/100: 146
    63/100: 144
    64/100: 142
    65/100: 140
    66/100: 138
    67/100: 136
    68/100: 134
    69/100: 132
    70/100: 130
    71/100: 128
    72/100: 126
    73/100: 124
    74/100: 122
    75/100: 120
    76/100: 119
    77/100: 118
    78/100: 117
    79/100: 116
    80/100: 115
    81/100: 114
    82/100: 113
    83/100: 112
    84/100: 111
    85/100: 110
Lowest Cost: 109




Running Tabu Search (Length: 15, Iterations: 100)
    1/100: 466
    2/100: 458
    3/100: 450
    4/100: 442
    5/100: 434
    6/100: 426
    7/100: 418
    8/100: 410
    9/100: 403
    10/100: 396
    11/100: 389
    12/100: 382
    13/100: 375
    14/100: 368
    15/100: 361
    16/100: 354
    17/100: 348
    18/100: 342
    19/100: 336
    20/100: 330
    21/100: 324
    22/100: 318
    23/100: 312
    24/100: 306
    25/100: 300
    26/100: 294
    27/100: 288
    28/100: 283
    29/100: 278
    30/100: 273
    31/100: 268
    32/100: 263
    33/100: 258
    34/100: 253
    35/100: 248
    36/100: 243
    37/100: 239
    38/100: 235
    39/100: 231
    40/100: 227
    41/100: 223
    42/100: 219
    43/100: 215
    44/100: 211
    45/100: 207
    46/100: 203
    47/100: 199
    48/100: 195
    49/100: 191
    50/100: 188
    51/100: 185
    52/100: 182
    53/100: 179
    54/100: 176
    55/100: 173
    56/100: 170
    57/100: 167
    58/100: 164
    59/100: 161
    60/100: 158
    61/100: 155
    62/100: 152
    63/100: 149
    64/100: 146
    65/100: 143
    66/100: 141
    67/100: 139
    68/100: 137
    69/100: 135
    70/100: 133
    71/100: 131
    72/100: 129
    73/100: 127
    74/100: 125
    75/100: 123
    76/100: 122
    77/100: 121
    78/100: 120
    79/100: 119
    80/100: 118
    81/100: 117
    82/100: 116
    83/100: 115
    84/100: 114
    85/100: 113
    86/100: 112
    87/100: 111
    88/100: 110
Lowest Cost: 109




Running Tabu Search (Length: 25, Iterations: 100)
    1/100: 550
    2/100: 542
    3/100: 534
    4/100: 526
    5/100: 518
    6/100: 510
    7/100: 502
    8/100: 494
    9/100: 486
    10/100: 478
    11/100: 470
    12/100: 462
    13/100: 454
    14/100: 447
    15/100: 440
    16/100: 433
    17/100: 426
    18/100: 419
    19/100: 412
    20/100: 405
    21/100: 398
    22/100: 391
    23/100: 384
    24/100: 377
    25/100: 370
    26/100: 363
    27/100: 356
    28/100: 349
    29/100: 342
    30/100: 335
    31/100: 328
    32/100: 322
    33/100: 316
    34/100: 310
    35/100: 304
    36/100: 298
    37/100: 292
    38/100: 286
    39/100: 280
    40/100: 274
    41/100: 268
    42/100: 263
    43/100: 258
    44/100: 253
    45/100: 248
    46/100: 243
    47/100: 238
    48/100: 233
    49/100: 228
    50/100: 223
    51/100: 218
    52/100: 213
    53/100: 208
    54/100: 204
    55/100: 200
    56/100: 196
    57/100: 192
    58/100: 188
    59/100: 184
    60/100: 180
    61/100: 176
    62/100: 172
    63/100: 168
    64/100: 165
    65/100: 162
    66/100: 159
    67/100: 156
    68/100: 153
    69/100: 150
    70/100: 147
    71/100: 144
    72/100: 141
    73/100: 139
    74/100: 137
    75/100: 135
    76/100: 133
    77/100: 131
    78/100: 129
    79/100: 127
    80/100: 125
    81/100: 123
    82/100: 121
    83/100: 119
    84/100: 117
    85/100: 116
    86/100: 115
    87/100: 114
    88/100: 113
    89/100: 112
    90/100: 111
    91/100: 110
Lowest Cost: 109




Running Tabu Search (Length: 50, Iterations: 100)
    1/100: 514
    2/100: 506
    3/100: 498
    4/100: 490
    5/100: 482
    6/100: 474
    7/100: 466
    8/100: 458
    9/100: 450
    10/100: 442
    11/100: 434
    12/100: 427
    13/100: 420
    14/100: 413
    15/100: 406
    16/100: 399
    17/100: 392
    18/100: 385
    19/100: 378
    20/100: 371
    21/100: 364
    22/100: 358
    23/100: 352
    24/100: 346
    25/100: 340
    26/100: 334
    27/100: 328
    28/100: 322
    29/100: 316
    30/100: 310
    31/100: 304
    32/100: 299
    33/100: 294
    34/100: 289
    35/100: 284
    36/100: 279
    37/100: 274
    38/100: 269
    39/100: 264
    40/100: 259
    41/100: 254
    42/100: 249
    43/100: 244
    44/100: 239
    45/100: 234
    46/100: 229
    47/100: 224
    48/100: 220
    49/100: 216
    50/100: 212
    51/100: 208
    52/100: 204
    53/100: 200
    54/100: 196
    55/100: 192
    56/100: 188
    57/100: 184
    58/100: 180
    59/100: 176
    60/100: 173
    61/100: 170
    62/100: 167
    63/100: 164
    64/100: 161
    65/100: 158
    66/100: 155
    67/100: 152
    68/100: 149
    69/100: 147
    70/100: 145
    71/100: 143
    72/100: 141
    73/100: 139
    74/100: 137
    75/100: 135
    76/100: 133
    77/100: 131
    78/100: 129
    79/100: 127
    80/100: 125
    81/100: 123
    82/100: 122
    83/100: 121
    84/100: 120
    85/100: 119
    86/100: 118
    87/100: 117
    88/100: 116
    89/100: 115
    90/100: 114
    91/100: 113
    92/100: 112
    93/100: 111
    94/100: 110
Lowest Cost: 109


