GNU Octave, version 3.8.1
Copyright (C) 2014 John W. Eaton and others.
This is free software; see the source code for copying conditions.
There is ABSOLUTELY NO WARRANTY; not even for MERCHANTABILITY or
FITNESS FOR A PARTICULAR PURPOSE.  For details, type 'warranty'.

Octave was configured for "x86_64-pc-linux-gnu".

Additional information about Octave is available at http://www.octave.org.

Please contribute if you find this software useful.
For more information, visit http://www.octave.org/get-involved.html

Read http://www.octave.org/bugs.html to learn how to submit bug reports.
For information about changes from previous versions, type 'news'.



Running Kruskal’s Algorithm
Lowest Cost: 1513




Running Tabu Search (Length: 5, Iterations: 100)
    1/100: 1514
    2/100: 1506
    3/100: 1498
    4/100: 1490
    5/100: 1482
    6/100: 1474
    7/100: 1466
    8/100: 1458
    9/100: 1450
    10/100: 1442
    11/100: 1434
    12/100: 1426
    13/100: 1418
    14/100: 1410
    15/100: 1403
    16/100: 1396
    17/100: 1389
    18/100: 1382
    19/100: 1375
    20/100: 1368
    21/100: 1361
    22/100: 1354
    23/100: 1347
    24/100: 1340
    25/100: 1333
    26/100: 1326
    27/100: 1320
    28/100: 1314
    29/100: 1308
    30/100: 1302
    31/100: 1296
    32/100: 1290
    33/100: 1284
    34/100: 1278
    35/100: 1272
    36/100: 1266
    37/100: 1261
    38/100: 1256
    39/100: 1251
    40/100: 1246
    41/100: 1241
    42/100: 1236
    43/100: 1231
    44/100: 1226
    45/100: 1221
    46/100: 1216
    47/100: 1212
    48/100: 1208
    49/100: 1204
    50/100: 1200
    51/100: 1196
    52/100: 1192
    53/100: 1188
    54/100: 1184
    55/100: 1180
    56/100: 1176
    57/100: 1172
    58/100: 1168
    59/100: 1164
    60/100: 1161
    61/100: 1158
    62/100: 1155
    63/100: 1152
    64/100: 1149
    65/100: 1146
    66/100: 1143
    67/100: 1140
    68/100: 1137
    69/100: 1134
    70/100: 1132
    71/100: 1130
    72/100: 1128
    73/100: 1126
    74/100: 1124
    75/100: 1122
    76/100: 1120
    77/100: 1118
    78/100: 1116
    79/100: 1114
    80/100: 1113
    81/100: 1112
    82/100: 1111
    83/100: 1110
    84/100: 1109
    85/100: 1108
    86/100: 1107
    87/100: 1106
    88/100: 1105
    89/100: 1104
    90/100: 1103
    91/100: 1103
    92/100: 1103
    93/100: 1103
    94/100: 1103
    95/100: 1103
    96/100: 1103
    97/100: 1103
    98/100: 1103
    99/100: 1103
    100/100: 1103
Lowest Cost: 1103




Running Tabu Search (Length: 10, Iterations: 100)
    1/100: 1454
    2/100: 1446
    3/100: 1438
    4/100: 1430
    5/100: 1422
    6/100: 1414
    7/100: 1406
    8/100: 1398
    9/100: 1391
    10/100: 1384
    11/100: 1377
    12/100: 1370
    13/100: 1363
    14/100: 1356
    15/100: 1349
    16/100: 1342
    17/100: 1335
    18/100: 1328
    19/100: 1321
    20/100: 1315
    21/100: 1309
    22/100: 1303
    23/100: 1297
    24/100: 1291
    25/100: 1285
    26/100: 1279
    27/100: 1273
    28/100: 1267
    29/100: 1262
    30/100: 1257
    31/100: 1252
    32/100: 1247
    33/100: 1242
    34/100: 1237
    35/100: 1232
    36/100: 1227
    37/100: 1223
    38/100: 1219
    39/100: 1215
    40/100: 1211
    41/100: 1207
    42/100: 1203
    43/100: 1199
    44/100: 1195
    45/100: 1191
    46/100: 1188
    47/100: 1185
    48/100: 1182
    49/100: 1179
    50/100: 1176
    51/100: 1173
    52/100: 1170
    53/100: 1167
    54/100: 1164
    55/100: 1161
    56/100: 1158
    57/100: 1155
    58/100: 1152
    59/100: 1149
    60/100: 1146
    61/100: 1144
    62/100: 1142
    63/100: 1140
    64/100: 1138
    65/100: 1136
    66/100: 1134
    67/100: 1132
    68/100: 1130
    69/100: 1128
    70/100: 1126
    71/100: 1124
    72/100: 1122
    73/100: 1120
    74/100: 1118
    75/100: 1116
    76/100: 1114
    77/100: 1112
    78/100: 1111
    79/100: 1110
    80/100: 1109
    81/100: 1108
    82/100: 1107
    83/100: 1106
    84/100: 1105
    85/100: 1104
    86/100: 1103
    87/100: 1103
    88/100: 1103
    89/100: 1103
    90/100: 1103
    91/100: 1103
    92/100: 1103
    93/100: 1103
    94/100: 1103
    95/100: 1103
    96/100: 1103
    97/100: 1103
    98/100: 1103
    99/100: 1103
    100/100: 1103
Lowest Cost: 1103




Running Tabu Search (Length: 15, Iterations: 100)
    1/100: 1519
    2/100: 1511
    3/100: 1503
    4/100: 1495
    5/100: 1487
    6/100: 1479
    7/100: 1471
    8/100: 1463
    9/100: 1455
    10/100: 1447
    11/100: 1439
    12/100: 1431
    13/100: 1424
    14/100: 1417
    15/100: 1410
    16/100: 1403
    17/100: 1396
    18/100: 1389
    19/100: 1382
    20/100: 1375
    21/100: 1369
    22/100: 1363
    23/100: 1357
    24/100: 1351
    25/100: 1345
    26/100: 1339
    27/100: 1333
    28/100: 1327
    29/100: 1321
    30/100: 1315
    31/100: 1309
    32/100: 1303
    33/100: 1297
    34/100: 1291
    35/100: 1285
    36/100: 1279
    37/100: 1273
    38/100: 1268
    39/100: 1263
    40/100: 1258
    41/100: 1253
    42/100: 1248
    43/100: 1243
    44/100: 1238
    45/100: 1233
    46/100: 1228
    47/100: 1223
    48/100: 1218
    49/100: 1213
    50/100: 1209
    51/100: 1205
    52/100: 1201
    53/100: 1197
    54/100: 1193
    55/100: 1189
    56/100: 1185
    57/100: 1181
    58/100: 1177
    59/100: 1173
    60/100: 1169
    61/100: 1166
    62/100: 1163
    63/100: 1160
    64/100: 1157
    65/100: 1154
    66/100: 1151
    67/100: 1148
    68/100: 1145
    69/100: 1142
    70/100: 1139
    71/100: 1136
    72/100: 1133
    73/100: 1130
    74/100: 1128
    75/100: 1126
    76/100: 1124
    77/100: 1122
    78/100: 1120
    79/100: 1118
    80/100: 1116
    81/100: 1114
    82/100: 1112
    83/100: 1111
    84/100: 1110
    85/100: 1109
    86/100: 1108
    87/100: 1107
    88/100: 1106
    89/100: 1105
    90/100: 1104
    91/100: 1103
    92/100: 1103
    93/100: 1103
    94/100: 1103
    95/100: 1103
    96/100: 1103
    97/100: 1103
    98/100: 1103
    99/100: 1103
    100/100: 1103
Lowest Cost: 1103




Running Tabu Search (Length: 25, Iterations: 100)
    1/100: 1494
    2/100: 1486
    3/100: 1478
    4/100: 1470
    5/100: 1462
    6/100: 1454
    7/100: 1447
    8/100: 1440
    9/100: 1433
    10/100: 1426
    11/100: 1419
    12/100: 1412
    13/100: 1405
    14/100: 1398
    15/100: 1391
    16/100: 1384
    17/100: 1377
    18/100: 1370
    19/100: 1363
    20/100: 1356
    21/100: 1349
    22/100: 1342
    23/100: 1336
    24/100: 1330
    25/100: 1324
    26/100: 1318
    27/100: 1312
    28/100: 1306
    29/100: 1300
    30/100: 1294
    31/100: 1288
    32/100: 1282
    33/100: 1276
    34/100: 1270
    35/100: 1264
    36/100: 1259
    37/100: 1254
    38/100: 1249
    39/100: 1244
    40/100: 1239
    41/100: 1234
    42/100: 1229
    43/100: 1224
    44/100: 1219
    45/100: 1214
    46/100: 1209
    47/100: 1205
    48/100: 1201
    49/100: 1197
    50/100: 1193
    51/100: 1189
    52/100: 1185
    53/100: 1181
    54/100: 1177
    55/100: 1173
    56/100: 1169
    57/100: 1166
    58/100: 1163
    59/100: 1160
    60/100: 1157
    61/100: 1154
    62/100: 1151
    63/100: 1148
    64/100: 1145
    65/100: 1143
    66/100: 1141
    67/100: 1139
    68/100: 1137
    69/100: 1135
    70/100: 1133
    71/100: 1131
    72/100: 1129
    73/100: 1127
    74/100: 1125
    75/100: 1123
    76/100: 1121
    77/100: 1119
    78/100: 1117
    79/100: 1115
    80/100: 1113
    81/100: 1112
    82/100: 1111
    83/100: 1110
    84/100: 1109
    85/100: 1108
    86/100: 1107
    87/100: 1106
    88/100: 1105
    89/100: 1104
    90/100: 1103
    91/100: 1103
    92/100: 1103
    93/100: 1103
    94/100: 1103
    95/100: 1103
    96/100: 1103
    97/100: 1103
    98/100: 1103
    99/100: 1103
    100/100: 1103
Lowest Cost: 1103




Running Tabu Search (Length: 50, Iterations: 100)
    1/100: 1497
    2/100: 1489
    3/100: 1481
    4/100: 1473
    5/100: 1465
    6/100: 1457
    7/100: 1449
    8/100: 1441
    9/100: 1433
    10/100: 1425
    11/100: 1417
    12/100: 1409
    13/100: 1401
    14/100: 1393
    15/100: 1386
    16/100: 1379
    17/100: 1372
    18/100: 1365
    19/100: 1358
    20/100: 1351
    21/100: 1344
    22/100: 1337
    23/100: 1330
    24/100: 1323
    25/100: 1316
    26/100: 1309
    27/100: 1303
    28/100: 1297
    29/100: 1291
    30/100: 1285
    31/100: 1279
    32/100: 1273
    33/100: 1267
    34/100: 1261
    35/100: 1255
    36/100: 1249
    37/100: 1244
    38/100: 1239
    39/100: 1234
    40/100: 1229
    41/100: 1224
    42/100: 1219
    43/100: 1214
    44/100: 1209
    45/100: 1204
    46/100: 1199
    47/100: 1194
    48/100: 1189
    49/100: 1184
    50/100: 1180
    51/100: 1176
    52/100: 1172
    53/100: 1168
    54/100: 1164
    55/100: 1160
    56/100: 1157
    57/100: 1154
    58/100: 1151
    59/100: 1148
    60/100: 1145
    61/100: 1142
    62/100: 1139
    63/100: 1136
    64/100: 1133
    65/100: 1130
    66/100: 1127
    67/100: 1125
    68/100: 1123
    69/100: 1121
    70/100: 1119
    71/100: 1117
    72/100: 1116
    73/100: 1115
    74/100: 1114
    75/100: 1113
    76/100: 1112
    77/100: 1111
    78/100: 1110
    79/100: 1109
    80/100: 1108
    81/100: 1107
    82/100: 1106
    83/100: 1105
    84/100: 1104
    85/100: 1103
    86/100: 1103
    87/100: 1103
    88/100: 1103
    89/100: 1103
    90/100: 1103
    91/100: 1103
    92/100: 1103
    93/100: 1103
    94/100: 1103
    95/100: 1103
    96/100: 1103
    97/100: 1103
    98/100: 1103
    99/100: 1103
    100/100: 1103
Lowest Cost: 1103




Running Tabu Search (Length: 5, Iterations: 100)
    1/100: 1496
    2/100: 1488
    3/100: 1480
    4/100: 1472
    5/100: 1464
    6/100: 1456
    7/100: 1448
    8/100: 1440
    9/100: 1432
    10/100: 1424
    11/100: 1416
    12/100: 1409
    13/100: 1402
    14/100: 1395
    15/100: 1388
    16/100: 1381
    17/100: 1374
    18/100: 1367
    19/100: 1360
    20/100: 1353
    21/100: 1346
    22/100: 1340
    23/100: 1334
    24/100: 1328
    25/100: 1322
    26/100: 1316
    27/100: 1310
    28/100: 1304
    29/100: 1298
    30/100: 1292
    31/100: 1286
    32/100: 1281
    33/100: 1276
    34/100: 1271
    35/100: 1266
    36/100: 1261
    37/100: 1256
    38/100: 1251
    39/100: 1246
    40/100: 1241
    41/100: 1236
    42/100: 1231
    43/100: 1227
    44/100: 1223
    45/100: 1219
    46/100: 1215
    47/100: 1211
    48/100: 1207
    49/100: 1203
    50/100: 1199
    51/100: 1195
    52/100: 1191
    53/100: 1187
    54/100: 1183
    55/100: 1179
    56/100: 1175
    57/100: 1171
    58/100: 1167
    59/100: 1163
    60/100: 1160
    61/100: 1157
    62/100: 1154
    63/100: 1151
    64/100: 1148
    65/100: 1145
    66/100: 1142
    67/100: 1139
    68/100: 1136
    69/100: 1134
    70/100: 1132
    71/100: 1130
    72/100: 1128
    73/100: 1126
    74/100: 1124
    75/100: 1122
    76/100: 1120
    77/100: 1118
    78/100: 1117
    79/100: 1116
    80/100: 1115
    81/100: 1114
    82/100: 1113
    83/100: 1112
    84/100: 1111
    85/100: 1110
    86/100: 1109
    87/100: 1108
    88/100: 1107
    89/100: 1106
    90/100: 1105
    91/100: 1104
    92/100: 1103
    93/100: 1103
    94/100: 1103
    95/100: 1103
    96/100: 1103
    97/100: 1103
    98/100: 1103
    99/100: 1103
    100/100: 1103
Lowest Cost: 1103




Running Tabu Search (Length: 10, Iterations: 100)
    1/100: 1500
    2/100: 1492
    3/100: 1484
    4/100: 1476
    5/100: 1468
    6/100: 1460
    7/100: 1452
    8/100: 1444
    9/100: 1436
    10/100: 1428
    11/100: 1420
    12/100: 1413
    13/100: 1406
    14/100: 1399
    15/100: 1392
    16/100: 1385
    17/100: 1378
    18/100: 1371
    19/100: 1364
    20/100: 1357
    21/100: 1351
    22/100: 1345
    23/100: 1339
    24/100: 1333
    25/100: 1327
    26/100: 1321
    27/100: 1315
    28/100: 1309
    29/100: 1303
    30/100: 1297
    31/100: 1291
    32/100: 1285
    33/100: 1279
    34/100: 1273
    35/100: 1268
    36/100: 1263
    37/100: 1258
    38/100: 1253
    39/100: 1248
    40/100: 1243
    41/100: 1239
    42/100: 1235
    43/100: 1231
    44/100: 1227
    45/100: 1223
    46/100: 1219
    47/100: 1215
    48/100: 1211
    49/100: 1207
    50/100: 1203
    51/100: 1199
    52/100: 1195
    53/100: 1191
    54/100: 1187
    55/100: 1183
    56/100: 1179
    57/100: 1175
    58/100: 1171
    59/100: 1167
    60/100: 1163
    61/100: 1160
    62/100: 1157
    63/100: 1154
    64/100: 1151
    65/100: 1148
    66/100: 1145
    67/100: 1142
    68/100: 1139
    69/100: 1136
    70/100: 1133
    71/100: 1130
    72/100: 1127
    73/100: 1125
    74/100: 1123
    75/100: 1121
    76/100: 1119
    77/100: 1117
    78/100: 1115
    79/100: 1113
    80/100: 1112
    81/100: 1111
    82/100: 1110
    83/100: 1109
    84/100: 1108
    85/100: 1107
    86/100: 1106
    87/100: 1105
    88/100: 1104
    89/100: 1103
    90/100: 1103
    91/100: 1103
    92/100: 1103
    93/100: 1103
    94/100: 1103
    95/100: 1103
    96/100: 1103
    97/100: 1103
    98/100: 1103
    99/100: 1103
    100/100: 1103
Lowest Cost: 1103




Running Tabu Search (Length: 15, Iterations: 100)
    1/100: 1498
    2/100: 1490
    3/100: 1482
    4/100: 1474
    5/100: 1466
    6/100: 1458
    7/100: 1450
    8/100: 1442
    9/100: 1434
    10/100: 1426
    11/100: 1418
    12/100: 1410
    13/100: 1402
    14/100: 1394
    15/100: 1386
    16/100: 1378
    17/100: 1371
    18/100: 1364
    19/100: 1357
    20/100: 1350
    21/100: 1343
    22/100: 1336
    23/100: 1329
    24/100: 1322
    25/100: 1315
    26/100: 1308
    27/100: 1302
    28/100: 1296
    29/100: 1290
    30/100: 1284
    31/100: 1278
    32/100: 1272
    33/100: 1266
    34/100: 1260
    35/100: 1254
    36/100: 1249
    37/100: 1244
    38/100: 1239
    39/100: 1234
    40/100: 1229
    41/100: 1224
    42/100: 1220
    43/100: 1216
    44/100: 1212
    45/100: 1208
    46/100: 1204
    47/100: 1200
    48/100: 1196
    49/100: 1192
    50/100: 1188
    51/100: 1184
    52/100: 1180
    53/100: 1176
    54/100: 1173
    55/100: 1170
    56/100: 1167
    57/100: 1164
    58/100: 1161
    59/100: 1158
    60/100: 1155
    61/100: 1152
    62/100: 1149
    63/100: 1146
    64/100: 1143
    65/100: 1140
    66/100: 1137
    67/100: 1134
    68/100: 1132
    69/100: 1130
    70/100: 1128
    71/100: 1126
    72/100: 1124
    73/100: 1122
    74/100: 1120
    75/100: 1118
    76/100: 1116
    77/100: 1114
    78/100: 1112
    79/100: 1110
    80/100: 1109
    81/100: 1108
    82/100: 1107
    83/100: 1106
    84/100: 1105
    85/100: 1104
    86/100: 1103
    87/100: 1103
    88/100: 1103
    89/100: 1103
    90/100: 1103
    91/100: 1103
    92/100: 1103
    93/100: 1103
    94/100: 1103
    95/100: 1103
    96/100: 1103
    97/100: 1103
    98/100: 1103
    99/100: 1103
    100/100: 1103
Lowest Cost: 1103




Running Tabu Search (Length: 25, Iterations: 100)
    1/100: 1454
    2/100: 1446
    3/100: 1438
    4/100: 1430
    5/100: 1422
    6/100: 1414
    7/100: 1406
    8/100: 1398
    9/100: 1391
    10/100: 1384
    11/100: 1377
    12/100: 1370
    13/100: 1363
    14/100: 1356
    15/100: 1349
    16/100: 1342
    17/100: 1335
    18/100: 1329
    19/100: 1323
    20/100: 1317
    21/100: 1311
    22/100: 1305
    23/100: 1299
    24/100: 1293
    25/100: 1287
    26/100: 1281
    27/100: 1275
    28/100: 1270
    29/100: 1265
    30/100: 1260
    31/100: 1255
    32/100: 1250
    33/100: 1245
    34/100: 1240
    35/100: 1235
    36/100: 1230
    37/100: 1225
    38/100: 1220
    39/100: 1215
    40/100: 1211
    41/100: 1207
    42/100: 1203
    43/100: 1199
    44/100: 1195
    45/100: 1191
    46/100: 1187
    47/100: 1183
    48/100: 1179
    49/100: 1175
    50/100: 1171
    51/100: 1168
    52/100: 1165
    53/100: 1162
    54/100: 1159
    55/100: 1156
    56/100: 1153
    57/100: 1150
    58/100: 1147
    59/100: 1144
    60/100: 1141
    61/100: 1139
    62/100: 1137
    63/100: 1135
    64/100: 1133
    65/100: 1131
    66/100: 1129
    67/100: 1127
    68/100: 1125
    69/100: 1123
    70/100: 1121
    71/100: 1119
    72/100: 1117
    73/100: 1115
    74/100: 1114
    75/100: 1113
    76/100: 1112
    77/100: 1111
    78/100: 1110
    79/100: 1109
    80/100: 1108
    81/100: 1107
    82/100: 1106
    83/100: 1105
    84/100: 1104
    85/100: 1103
    86/100: 1103
    87/100: 1103
    88/100: 1103
    89/100: 1103
    90/100: 1103
    91/100: 1103
    92/100: 1103
    93/100: 1103
    94/100: 1103
    95/100: 1103
    96/100: 1103
    97/100: 1103
    98/100: 1103
    99/100: 1103
    100/100: 1103
Lowest Cost: 1103




Running Tabu Search (Length: 50, Iterations: 100)
    1/100: 1507
    2/100: 1499
    3/100: 1491
    4/100: 1483
    5/100: 1475
    6/100: 1467
    7/100: 1459
    8/100: 1452
    9/100: 1445
    10/100: 1438
    11/100: 1431
    12/100: 1424
    13/100: 1417
    14/100: 1410
    15/100: 1403
    16/100: 1396
    17/100: 1389
    18/100: 1382
    19/100: 1375
    20/100: 1368
    21/100: 1361
    22/100: 1355
    23/100: 1349
    24/100: 1343
    25/100: 1337
    26/100: 1331
    27/100: 1325
    28/100: 1319
    29/100: 1313
    30/100: 1307
    31/100: 1301
    32/100: 1295
    33/100: 1289
    34/100: 1283
    35/100: 1277
    36/100: 1271
    37/100: 1265
    38/100: 1259
    39/100: 1254
    40/100: 1249
    41/100: 1244
    42/100: 1239
    43/100: 1234
    44/100: 1229
    45/100: 1224
    46/100: 1219
    47/100: 1214
    48/100: 1209
    49/100: 1205
    50/100: 1201
    51/100: 1197
    52/100: 1193
    53/100: 1189
    54/100: 1185
    55/100: 1181
    56/100: 1177
    57/100: 1173
    58/100: 1169
    59/100: 1166
    60/100: 1163
    61/100: 1160
    62/100: 1157
    63/100: 1154
    64/100: 1151
    65/100: 1148
    66/100: 1145
    67/100: 1142
    68/100: 1139
    69/100: 1136
    70/100: 1133
    71/100: 1131
    72/100: 1129
    73/100: 1127
    74/100: 1125
    75/100: 1123
    76/100: 1121
    77/100: 1119
    78/100: 1117
    79/100: 1115
    80/100: 1113
    81/100: 1111
    82/100: 1110
    83/100: 1109
    84/100: 1108
    85/100: 1107
    86/100: 1106
    87/100: 1105
    88/100: 1104
    89/100: 1103
    90/100: 1103
    91/100: 1103
    92/100: 1103
    93/100: 1103
    94/100: 1103
    95/100: 1103
    96/100: 1103
    97/100: 1103
    98/100: 1103
    99/100: 1103
    100/100: 1103
Lowest Cost: 1103




Running Tabu Search (Length: 5, Iterations: 100)
    1/100: 1481
    2/100: 1473
    3/100: 1465
    4/100: 1457
    5/100: 1449
    6/100: 1441
    7/100: 1434
    8/100: 1427
    9/100: 1420
    10/100: 1413
    11/100: 1406
    12/100: 1399
    13/100: 1392
    14/100: 1385
    15/100: 1378
    16/100: 1371
    17/100: 1364
    18/100: 1357
    19/100: 1350
    20/100: 1343
    21/100: 1336
    22/100: 1329
    23/100: 1322
    24/100: 1316
    25/100: 1310
    26/100: 1304
    27/100: 1298
    28/100: 1292
    29/100: 1286
    30/100: 1280
    31/100: 1274
    32/100: 1268
    33/100: 1262
    34/100: 1256
    35/100: 1250
    36/100: 1244
    37/100: 1238
    38/100: 1232
    39/100: 1227
    40/100: 1222
    41/100: 1217
    42/100: 1212
    43/100: 1207
    44/100: 1202
    45/100: 1197
    46/100: 1193
    47/100: 1189
    48/100: 1185
    49/100: 1181
    50/100: 1177
    51/100: 1173
    52/100: 1169
    53/100: 1166
    54/100: 1163
    55/100: 1160
    56/100: 1157
    57/100: 1154
    58/100: 1151
    59/100: 1148
    60/100: 1145
    61/100: 1143
    62/100: 1141
    63/100: 1139
    64/100: 1137
    65/100: 1135
    66/100: 1133
    67/100: 1131
    68/100: 1129
    69/100: 1127
    70/100: 1125
    71/100: 1123
    72/100: 1121
    73/100: 1119
    74/100: 1117
    75/100: 1116
    76/100: 1115
    77/100: 1114
    78/100: 1113
    79/100: 1112
    80/100: 1111
    81/100: 1110
    82/100: 1109
    83/100: 1108
    84/100: 1107
    85/100: 1106
    86/100: 1105
    87/100: 1104
    88/100: 1103
    89/100: 1103
    90/100: 1103
    91/100: 1103
    92/100: 1103
    93/100: 1103
    94/100: 1103
    95/100: 1103
    96/100: 1103
    97/100: 1103
    98/100: 1103
    99/100: 1103
    100/100: 1103
Lowest Cost: 1103




Running Tabu Search (Length: 10, Iterations: 100)
    1/100: 1475
    2/100: 1467
    3/100: 1459
    4/100: 1451
    5/100: 1443
    6/100: 1435
    7/100: 1428
    8/100: 1421
    9/100: 1414
    10/100: 1407
    11/100: 1400
    12/100: 1393
    13/100: 1386
    14/100: 1379
    15/100: 1372
    16/100: 1365
    17/100: 1358
    18/100: 1351
    19/100: 1345
    20/100: 1339
    21/100: 1333
    22/100: 1327
    23/100: 1321
    24/100: 1315
    25/100: 1309
    26/100: 1303
    27/100: 1297
    28/100: 1291
    29/100: 1285
    30/100: 1279
    31/100: 1273
    32/100: 1268
    33/100: 1263
    34/100: 1258
    35/100: 1253
    36/100: 1248
    37/100: 1243
    38/100: 1238
    39/100: 1233
    40/100: 1228
    41/100: 1223
    42/100: 1218
    43/100: 1213
    44/100: 1208
    45/100: 1203
    46/100: 1198
    47/100: 1194
    48/100: 1190
    49/100: 1186
    50/100: 1182
    51/100: 1178
    52/100: 1175
    53/100: 1172
    54/100: 1169
    55/100: 1166
    56/100: 1163
    57/100: 1160
    58/100: 1157
    59/100: 1154
    60/100: 1151
    61/100: 1148
    62/100: 1145
    63/100: 1142
    64/100: 1139
    65/100: 1136
    66/100: 1133
    67/100: 1131
    68/100: 1129
    69/100: 1127
    70/100: 1125
    71/100: 1123
    72/100: 1121
    73/100: 1119
    74/100: 1117
    75/100: 1115
    76/100: 1113
    77/100: 1111
    78/100: 1109
    79/100: 1108
    80/100: 1107
    81/100: 1106
    82/100: 1105
    83/100: 1104
    84/100: 1103
    85/100: 1103
    86/100: 1103
    87/100: 1103
    88/100: 1103
    89/100: 1103
    90/100: 1103
    91/100: 1103
    92/100: 1103
    93/100: 1103
    94/100: 1103
    95/100: 1103
    96/100: 1103
    97/100: 1103
    98/100: 1103
    99/100: 1103
    100/100: 1103
Lowest Cost: 1103




Running Tabu Search (Length: 15, Iterations: 100)
    1/100: 1430
    2/100: 1422
    3/100: 1414
    4/100: 1406
    5/100: 1398
    6/100: 1390
    7/100: 1382
    8/100: 1375
    9/100: 1368
    10/100: 1361
    11/100: 1354
    12/100: 1347
    13/100: 1340
    14/100: 1334
    15/100: 1328
    16/100: 1322
    17/100: 1316
    18/100: 1310
    19/100: 1304
    20/100: 1298
    21/100: 1292
    22/100: 1287
    23/100: 1282
    24/100: 1277
    25/100: 1272
    26/100: 1267
    27/100: 1262
    28/100: 1257
    29/100: 1252
    30/100: 1247
    31/100: 1242
    32/100: 1237
    33/100: 1233
    34/100: 1229
    35/100: 1225
    36/100: 1221
    37/100: 1217
    38/100: 1213
    39/100: 1209
    40/100: 1205
    41/100: 1201
    42/100: 1197
    43/100: 1193
    44/100: 1189
    45/100: 1185
    46/100: 1181
    47/100: 1177
    48/100: 1173
    49/100: 1169
    50/100: 1166
    51/100: 1163
    52/100: 1160
    53/100: 1157
    54/100: 1154
    55/100: 1151
    56/100: 1148
    57/100: 1145
    58/100: 1142
    59/100: 1139
    60/100: 1136
    61/100: 1133
    62/100: 1131
    63/100: 1129
    64/100: 1127
    65/100: 1125
    66/100: 1123
    67/100: 1121
    68/100: 1119
    69/100: 1117
    70/100: 1115
    71/100: 1114
    72/100: 1113
    73/100: 1112
    74/100: 1111
    75/100: 1110
    76/100: 1109
    77/100: 1108
    78/100: 1107
    79/100: 1106
    80/100: 1105
    81/100: 1104
    82/100: 1103
    83/100: 1103
    84/100: 1103
    85/100: 1103
    86/100: 1103
    87/100: 1103
    88/100: 1103
    89/100: 1103
    90/100: 1103
    91/100: 1103
    92/100: 1103
    93/100: 1103
    94/100: 1103
    95/100: 1103
    96/100: 1103
    97/100: 1103
    98/100: 1103
    99/100: 1103
    100/100: 1103
Lowest Cost: 1103




Running Tabu Search (Length: 25, Iterations: 100)
    1/100: 1467
    2/100: 1459
    3/100: 1451
    4/100: 1443
    5/100: 1435
    6/100: 1427
    7/100: 1420
    8/100: 1413
    9/100: 1406
    10/100: 1399
    11/100: 1392
    12/100: 1385
    13/100: 1378
    14/100: 1371
    15/100: 1364
    16/100: 1357
    17/100: 1350
    18/100: 1343
    19/100: 1336
    20/100: 1329
    21/100: 1323
    22/100: 1317
    23/100: 1311
    24/100: 1305
    25/100: 1299
    26/100: 1293
    27/100: 1287
    28/100: 1281
    29/100: 1275
    30/100: 1269
    31/100: 1263
    32/100: 1257
    33/100: 1252
    34/100: 1247
    35/100: 1242
    36/100: 1237
    37/100: 1232
    38/100: 1227
    39/100: 1222
    40/100: 1217
    41/100: 1212
    42/100: 1207
    43/100: 1203
    44/100: 1199
    45/100: 1195
    46/100: 1191
    47/100: 1187
    48/100: 1183
    49/100: 1179
    50/100: 1175
    51/100: 1172
    52/100: 1169
    53/100: 1166
    54/100: 1163
    55/100: 1160
    56/100: 1157
    57/100: 1154
    58/100: 1151
    59/100: 1148
    60/100: 1145
    61/100: 1142
    62/100: 1139
    63/100: 1136
    64/100: 1134
    65/100: 1132
    66/100: 1130
    67/100: 1128
    68/100: 1126
    69/100: 1124
    70/100: 1122
    71/100: 1120
    72/100: 1118
    73/100: 1116
    74/100: 1114
    75/100: 1112
    76/100: 1111
    77/100: 1110
    78/100: 1109
    79/100: 1108
    80/100: 1107
    81/100: 1106
    82/100: 1105
    83/100: 1104
    84/100: 1103
    85/100: 1103
    86/100: 1103
    87/100: 1103
    88/100: 1103
    89/100: 1103
    90/100: 1103
    91/100: 1103
    92/100: 1103
    93/100: 1103
    94/100: 1103
    95/100: 1103
    96/100: 1103
    97/100: 1103
    98/100: 1103
    99/100: 1103
    100/100: 1103
Lowest Cost: 1103




Running Tabu Search (Length: 50, Iterations: 100)
    1/100: 1484
    2/100: 1476
    3/100: 1468
    4/100: 1460
    5/100: 1452
    6/100: 1444
    7/100: 1436
    8/100: 1428
    9/100: 1420
    10/100: 1412
    11/100: 1405
    12/100: 1398
    13/100: 1391
    14/100: 1384
    15/100: 1377
    16/100: 1370
    17/100: 1363
    18/100: 1356
    19/100: 1349
    20/100: 1342
    21/100: 1335
    22/100: 1328
    23/100: 1321
    24/100: 1315
    25/100: 1309
    26/100: 1303
    27/100: 1297
    28/100: 1291
    29/100: 1285
    30/100: 1279
    31/100: 1273
    32/100: 1267
    33/100: 1262
    34/100: 1257
    35/100: 1252
    36/100: 1247
    37/100: 1242
    38/100: 1237
    39/100: 1232
    40/100: 1227
    41/100: 1222
    42/100: 1217
    43/100: 1212
    44/100: 1207
    45/100: 1202
    46/100: 1197
    47/100: 1192
    48/100: 1188
    49/100: 1184
    50/100: 1180
    51/100: 1176
    52/100: 1172
    53/100: 1168
    54/100: 1164
    55/100: 1160
    56/100: 1156
    57/100: 1153
    58/100: 1150
    59/100: 1147
    60/100: 1144
    61/100: 1141
    62/100: 1138
    63/100: 1135
    64/100: 1132
    65/100: 1130
    66/100: 1128
    67/100: 1126
    68/100: 1124
    69/100: 1122
    70/100: 1120
    71/100: 1118
    72/100: 1116
    73/100: 1114
    74/100: 1112
    75/100: 1110
    76/100: 1108
    77/100: 1107
    78/100: 1106
    79/100: 1105
    80/100: 1104
    81/100: 1103
    82/100: 1103
    83/100: 1103
    84/100: 1103
    85/100: 1103
    86/100: 1103
    87/100: 1103
    88/100: 1103
    89/100: 1103
    90/100: 1103
    91/100: 1103
    92/100: 1103
    93/100: 1103
    94/100: 1103
    95/100: 1103
    96/100: 1103
    97/100: 1103
    98/100: 1103
    99/100: 1103
    100/100: 1103
Lowest Cost: 1103




Running Tabu Search (Length: 5, Iterations: 100)
    1/100: 1473
    2/100: 1465
    3/100: 1457
    4/100: 1449
    5/100: 1441
    6/100: 1433
    7/100: 1425
    8/100: 1417
    9/100: 1410
    10/100: 1403
    11/100: 1396
    12/100: 1389
    13/100: 1382
    14/100: 1375
    15/100: 1368
    16/100: 1361
    17/100: 1354
    18/100: 1347
    19/100: 1340
    20/100: 1334
    21/100: 1328
    22/100: 1322
    23/100: 1316
    24/100: 1310
    25/100: 1304
    26/100: 1298
    27/100: 1292
    28/100: 1286
    29/100: 1280
    30/100: 1274
    31/100: 1268
    32/100: 1262
    33/100: 1257
    34/100: 1252
    35/100: 1247
    36/100: 1242
    37/100: 1237
    38/100: 1232
    39/100: 1228
    40/100: 1224
    41/100: 1220
    42/100: 1216
    43/100: 1212
    44/100: 1208
    45/100: 1204
    46/100: 1200
    47/100: 1196
    48/100: 1192
    49/100: 1188
    50/100: 1184
    51/100: 1180
    52/100: 1176
    53/100: 1172
    54/100: 1168
    55/100: 1165
    56/100: 1162
    57/100: 1159
    58/100: 1156
    59/100: 1153
    60/100: 1150
    61/100: 1147
    62/100: 1144
    63/100: 1141
    64/100: 1139
    65/100: 1137
    66/100: 1135
    67/100: 1133
    68/100: 1131
    69/100: 1129
    70/100: 1127
    71/100: 1125
    72/100: 1123
    73/100: 1121
    74/100: 1119
    75/100: 1117
    76/100: 1115
    77/100: 1113
    78/100: 1112
    79/100: 1111
    80/100: 1110
    81/100: 1109
    82/100: 1108
    83/100: 1107
    84/100: 1106
    85/100: 1105
    86/100: 1104
    87/100: 1103
    88/100: 1103
    89/100: 1103
    90/100: 1103
    91/100: 1103
    92/100: 1103
    93/100: 1103
    94/100: 1103
    95/100: 1103
    96/100: 1103
    97/100: 1103
    98/100: 1103
    99/100: 1103
    100/100: 1103
Lowest Cost: 1103




Running Tabu Search (Length: 10, Iterations: 100)
    1/100: 1508
    2/100: 1500
    3/100: 1492
    4/100: 1484
    5/100: 1476
    6/100: 1468
    7/100: 1460
    8/100: 1452
    9/100: 1444
    10/100: 1437
    11/100: 1430
    12/100: 1423
    13/100: 1416
    14/100: 1409
    15/100: 1402
    16/100: 1395
    17/100: 1388
    18/100: 1381
    19/100: 1374
    20/100: 1367
    21/100: 1361
    22/100: 1355
    23/100: 1349
    24/100: 1343
    25/100: 1337
    26/100: 1331
    27/100: 1325
    28/100: 1319
    29/100: 1313
    30/100: 1307
    31/100: 1301
    32/100: 1295
    33/100: 1289
    34/100: 1283
    35/100: 1277
    36/100: 1272
    37/100: 1267
    38/100: 1262
    39/100: 1257
    40/100: 1252
    41/100: 1247
    42/100: 1242
    43/100: 1237
    44/100: 1232
    45/100: 1227
    46/100: 1222
    47/100: 1217
    48/100: 1212
    49/100: 1207
    50/100: 1203
    51/100: 1199
    52/100: 1195
    53/100: 1191
    54/100: 1187
    55/100: 1183
    56/100: 1179
    57/100: 1175
    58/100: 1172
    59/100: 1169
    60/100: 1166
    61/100: 1163
    62/100: 1160
    63/100: 1157
    64/100: 1154
    65/100: 1151
    66/100: 1148
    67/100: 1145
    68/100: 1142
    69/100: 1139
    70/100: 1136
    71/100: 1133
    72/100: 1130
    73/100: 1127
    74/100: 1125
    75/100: 1123
    76/100: 1121
    77/100: 1119
    78/100: 1117
    79/100: 1115
    80/100: 1113
    81/100: 1111
    82/100: 1109
    83/100: 1108
    84/100: 1107
    85/100: 1106
    86/100: 1105
    87/100: 1104
    88/100: 1103
    89/100: 1103
    90/100: 1103
    91/100: 1103
    92/100: 1103
    93/100: 1103
    94/100: 1103
    95/100: 1103
    96/100: 1103
    97/100: 1103
    98/100: 1103
    99/100: 1103
    100/100: 1103
Lowest Cost: 1103




Running Tabu Search (Length: 15, Iterations: 100)
    1/100: 1463
    2/100: 1455
    3/100: 1447
    4/100: 1439
    5/100: 1431
    6/100: 1423
    7/100: 1415
    8/100: 1407
    9/100: 1400
    10/100: 1393
    11/100: 1386
    12/100: 1379
    13/100: 1372
    14/100: 1365
    15/100: 1358
    16/100: 1351
    17/100: 1344
    18/100: 1338
    19/100: 1332
    20/100: 1326
    21/100: 1320
    22/100: 1314
    23/100: 1308
    24/100: 1302
    25/100: 1296
    26/100: 1290
    27/100: 1284
    28/100: 1278
    29/100: 1272
    30/100: 1266
    31/100: 1260
    32/100: 1254
    33/100: 1248
    34/100: 1242
    35/100: 1237
    36/100: 1232
    37/100: 1227
    38/100: 1222
    39/100: 1217
    40/100: 1213
    41/100: 1209
    42/100: 1205
    43/100: 1201
    44/100: 1197
    45/100: 1193
    46/100: 1189
    47/100: 1185
    48/100: 1181
    49/100: 1177
    50/100: 1173
    51/100: 1169
    52/100: 1165
    53/100: 1162
    54/100: 1159
    55/100: 1156
    56/100: 1153
    57/100: 1150
    58/100: 1147
    59/100: 1144
    60/100: 1141
    61/100: 1139
    62/100: 1137
    63/100: 1135
    64/100: 1133
    65/100: 1131
    66/100: 1129
    67/100: 1127
    68/100: 1125
    69/100: 1123
    70/100: 1121
    71/100: 1119
    72/100: 1117
    73/100: 1115
    74/100: 1114
    75/100: 1113
    76/100: 1112
    77/100: 1111
    78/100: 1110
    79/100: 1109
    80/100: 1108
    81/100: 1107
    82/100: 1106
    83/100: 1105
    84/100: 1104
    85/100: 1103
    86/100: 1103
    87/100: 1103
    88/100: 1103
    89/100: 1103
    90/100: 1103
    91/100: 1103
    92/100: 1103
    93/100: 1103
    94/100: 1103
    95/100: 1103
    96/100: 1103
    97/100: 1103
    98/100: 1103
    99/100: 1103
    100/100: 1103
Lowest Cost: 1103




Running Tabu Search (Length: 25, Iterations: 100)
    1/100: 1482
    2/100: 1474
    3/100: 1466
    4/100: 1458
    5/100: 1450
    6/100: 1442
    7/100: 1434
    8/100: 1426
    9/100: 1418
    10/100: 1410
    11/100: 1403
    12/100: 1396
    13/100: 1389
    14/100: 1382
    15/100: 1375
    16/100: 1368
    17/100: 1361
    18/100: 1354
    19/100: 1347
    20/100: 1340
    21/100: 1333
    22/100: 1326
    23/100: 1319
    24/100: 1312
    25/100: 1306
    26/100: 1300
    27/100: 1294
    28/100: 1288
    29/100: 1282
    30/100: 1276
    31/100: 1270
    32/100: 1264
    33/100: 1258
    34/100: 1252
    35/100: 1247
    36/100: 1242
    37/100: 1237
    38/100: 1232
    39/100: 1227
    40/100: 1222
    41/100: 1217
    42/100: 1212
    43/100: 1208
    44/100: 1204
    45/100: 1200
    46/100: 1196
    47/100: 1192
    48/100: 1188
    49/100: 1184
    50/100: 1180
    51/100: 1176
    52/100: 1172
    53/100: 1168
    54/100: 1164
    55/100: 1161
    56/100: 1158
    57/100: 1155
    58/100: 1152
    59/100: 1149
    60/100: 1146
    61/100: 1143
    62/100: 1140
    63/100: 1138
    64/100: 1136
    65/100: 1134
    66/100: 1132
    67/100: 1130
    68/100: 1128
    69/100: 1126
    70/100: 1124
    71/100: 1122
    72/100: 1120
    73/100: 1118
    74/100: 1116
    75/100: 1114
    76/100: 1112
    77/100: 1110
    78/100: 1109
    79/100: 1108
    80/100: 1107
    81/100: 1106
    82/100: 1105
    83/100: 1104
    84/100: 1103
    85/100: 1103
    86/100: 1103
    87/100: 1103
    88/100: 1103
    89/100: 1103
    90/100: 1103
    91/100: 1103
    92/100: 1103
    93/100: 1103
    94/100: 1103
    95/100: 1103
    96/100: 1103
    97/100: 1103
    98/100: 1103
    99/100: 1103
    100/100: 1103
Lowest Cost: 1103




Running Tabu Search (Length: 50, Iterations: 100)
    1/100: 1511
    2/100: 1503
    3/100: 1495
    4/100: 1487
    5/100: 1479
    6/100: 1471
    7/100: 1463
    8/100: 1455
    9/100: 1447
    10/100: 1439
    11/100: 1431
    12/100: 1423
    13/100: 1416
    14/100: 1409
    15/100: 1402
    16/100: 1395
    17/100: 1388
    18/100: 1381
    19/100: 1374
    20/100: 1367
    21/100: 1360
    22/100: 1353
    23/100: 1346
    24/100: 1339
    25/100: 1332
    26/100: 1325
    27/100: 1319
    28/100: 1313
    29/100: 1307
    30/100: 1301
    31/100: 1295
    32/100: 1289
    33/100: 1283
    34/100: 1277
    35/100: 1271
    36/100: 1265
    37/100: 1259
    38/100: 1253
    39/100: 1248
    40/100: 1243
    41/100: 1238
    42/100: 1233
    43/100: 1228
    44/100: 1223
    45/100: 1218
    46/100: 1213
    47/100: 1208
    48/100: 1203
    49/100: 1199
    50/100: 1195
    51/100: 1191
    52/100: 1187
    53/100: 1183
    54/100: 1179
    55/100: 1175
    56/100: 1171
    57/100: 1167
    58/100: 1163
    59/100: 1159
    60/100: 1155
    61/100: 1152
    62/100: 1149
    63/100: 1146
    64/100: 1143
    65/100: 1140
    66/100: 1137
    67/100: 1134
    68/100: 1131
    69/100: 1128
    70/100: 1125
    71/100: 1122
    72/100: 1120
    73/100: 1118
    74/100: 1116
    75/100: 1114
    76/100: 1113
    77/100: 1112
    78/100: 1111
    79/100: 1110
    80/100: 1109
    81/100: 1108
    82/100: 1107
    83/100: 1106
    84/100: 1105
    85/100: 1104
    86/100: 1103
    87/100: 1103
    88/100: 1103
    89/100: 1103
    90/100: 1103
    91/100: 1103
    92/100: 1103
    93/100: 1103
    94/100: 1103
    95/100: 1103
    96/100: 1103
    97/100: 1103
    98/100: 1103
    99/100: 1103
    100/100: 1103
Lowest Cost: 1103




Running Tabu Search (Length: 5, Iterations: 100)
    1/100: 1480
    2/100: 1472
    3/100: 1464
    4/100: 1456
    5/100: 1448
    6/100: 1440
    7/100: 1432
    8/100: 1424
    9/100: 1416
    10/100: 1408
    11/100: 1400
    12/100: 1392
    13/100: 1385
    14/100: 1378
    15/100: 1371
    16/100: 1364
    17/100: 1357
    18/100: 1350
    19/100: 1343
    20/100: 1336
    21/100: 1329
    22/100: 1322
    23/100: 1315
    24/100: 1308
    25/100: 1301
    26/100: 1294
    27/100: 1288
    28/100: 1282
    29/100: 1276
    30/100: 1270
    31/100: 1264
    32/100: 1258
    33/100: 1252
    34/100: 1247
    35/100: 1242
    36/100: 1237
    37/100: 1232
    38/100: 1227
    39/100: 1222
    40/100: 1217
    41/100: 1212
    42/100: 1207
    43/100: 1202
    44/100: 1198
    45/100: 1194
    46/100: 1190
    47/100: 1186
    48/100: 1182
    49/100: 1178
    50/100: 1175
    51/100: 1172
    52/100: 1169
    53/100: 1166
    54/100: 1163
    55/100: 1160
    56/100: 1157
    57/100: 1154
    58/100: 1151
    59/100: 1148
    60/100: 1145
    61/100: 1142
    62/100: 1139
    63/100: 1137
    64/100: 1135
    65/100: 1133
    66/100: 1131
    67/100: 1129
    68/100: 1127
    69/100: 1125
    70/100: 1123
    71/100: 1121
    72/100: 1119
    73/100: 1117
    74/100: 1115
    75/100: 1113
    76/100: 1111
    77/100: 1110
    78/100: 1109
    79/100: 1108
    80/100: 1107
    81/100: 1106
    82/100: 1105
    83/100: 1104
    84/100: 1103
    85/100: 1103
    86/100: 1103
    87/100: 1103
    88/100: 1103
    89/100: 1103
    90/100: 1103
    91/100: 1103
    92/100: 1103
    93/100: 1103
    94/100: 1103
    95/100: 1103
    96/100: 1103
    97/100: 1103
    98/100: 1103
    99/100: 1103
    100/100: 1103
Lowest Cost: 1103




Running Tabu Search (Length: 10, Iterations: 100)
    1/100: 1437
    2/100: 1429
    3/100: 1421
    4/100: 1413
    5/100: 1406
    6/100: 1399
    7/100: 1392
    8/100: 1385
    9/100: 1378
    10/100: 1371
    11/100: 1364
    12/100: 1357
    13/100: 1350
    14/100: 1343
    15/100: 1336
    16/100: 1329
    17/100: 1323
    18/100: 1317
    19/100: 1311
    20/100: 1305
    21/100: 1299
    22/100: 1293
    23/100: 1287
    24/100: 1282
    25/100: 1277
    26/100: 1272
    27/100: 1267
    28/100: 1262
    29/100: 1257
    30/100: 1252
    31/100: 1247
    32/100: 1242
    33/100: 1237
    34/100: 1232
    35/100: 1228
    36/100: 1224
    37/100: 1220
    38/100: 1216
    39/100: 1212
    40/100: 1208
    41/100: 1204
    42/100: 1200
    43/100: 1196
    44/100: 1192
    45/100: 1188
    46/100: 1185
    47/100: 1182
    48/100: 1179
    49/100: 1176
    50/100: 1173
    51/100: 1170
    52/100: 1167
    53/100: 1164
    54/100: 1161
    55/100: 1158
    56/100: 1155
    57/100: 1152
    58/100: 1149
    59/100: 1146
    60/100: 1143
    61/100: 1140
    62/100: 1138
    63/100: 1136
    64/100: 1134
    65/100: 1132
    66/100: 1130
    67/100: 1128
    68/100: 1126
    69/100: 1124
    70/100: 1122
    71/100: 1120
    72/100: 1118
    73/100: 1116
    74/100: 1114
    75/100: 1113
    76/100: 1112
    77/100: 1111
    78/100: 1110
    79/100: 1109
    80/100: 1108
    81/100: 1107
    82/100: 1106
    83/100: 1105
    84/100: 1104
    85/100: 1103
    86/100: 1103
    87/100: 1103
    88/100: 1103
    89/100: 1103
    90/100: 1103
    91/100: 1103
    92/100: 1103
    93/100: 1103
    94/100: 1103
    95/100: 1103
    96/100: 1103
    97/100: 1103
    98/100: 1103
    99/100: 1103
    100/100: 1103
Lowest Cost: 1103




Running Tabu Search (Length: 15, Iterations: 100)
    1/100: 1452
    2/100: 1444
    3/100: 1436
    4/100: 1428
    5/100: 1420
    6/100: 1412
    7/100: 1404
    8/100: 1397
    9/100: 1390
    10/100: 1383
    11/100: 1376
    12/100: 1369
    13/100: 1362
    14/100: 1355
    15/100: 1348
    16/100: 1342
    17/100: 1336
    18/100: 1330
    19/100: 1324
    20/100: 1318
    21/100: 1312
    22/100: 1306
    23/100: 1300
    24/100: 1294
    25/100: 1288
    26/100: 1282
    27/100: 1277
    28/100: 1272
    29/100: 1267
    30/100: 1262
    31/100: 1257
    32/100: 1252
    33/100: 1247
    34/100: 1242
    35/100: 1237
    36/100: 1233
    37/100: 1229
    38/100: 1225
    39/100: 1221
    40/100: 1217
    41/100: 1213
    42/100: 1209
    43/100: 1205
    44/100: 1201
    45/100: 1197
    46/100: 1193
    47/100: 1189
    48/100: 1185
    49/100: 1182
    50/100: 1179
    51/100: 1176
    52/100: 1173
    53/100: 1170
    54/100: 1167
    55/100: 1164
    56/100: 1161
    57/100: 1158
    58/100: 1155
    59/100: 1152
    60/100: 1149
    61/100: 1146
    62/100: 1143
    63/100: 1140
    64/100: 1137
    65/100: 1135
    66/100: 1133
    67/100: 1131
    68/100: 1129
    69/100: 1127
    70/100: 1125
    71/100: 1123
    72/100: 1121
    73/100: 1119
    74/100: 1117
    75/100: 1116
    76/100: 1115
    77/100: 1114
    78/100: 1113
    79/100: 1112
    80/100: 1111
    81/100: 1110
    82/100: 1109
    83/100: 1108
    84/100: 1107
    85/100: 1106
    86/100: 1105
    87/100: 1104
    88/100: 1103
    89/100: 1103
    90/100: 1103
    91/100: 1103
    92/100: 1103
    93/100: 1103
    94/100: 1103
    95/100: 1103
    96/100: 1103
    97/100: 1103
    98/100: 1103
    99/100: 1103
    100/100: 1103
Lowest Cost: 1103




Running Tabu Search (Length: 25, Iterations: 100)
    1/100: 1536
    2/100: 1528
    3/100: 1520
    4/100: 1512
    5/100: 1504
    6/100: 1496
    7/100: 1488
    8/100: 1480
    9/100: 1472
    10/100: 1464
    11/100: 1456
    12/100: 1448
    13/100: 1441
    14/100: 1434
    15/100: 1427
    16/100: 1420
    17/100: 1413
    18/100: 1406
    19/100: 1399
    20/100: 1392
    21/100: 1385
    22/100: 1378
    23/100: 1371
    24/100: 1364
    25/100: 1357
    26/100: 1350
    27/100: 1343
    28/100: 1336
    29/100: 1329
    30/100: 1322
    31/100: 1316
    32/100: 1310
    33/100: 1304
    34/100: 1298
    35/100: 1292
    36/100: 1286
    37/100: 1280
    38/100: 1274
    39/100: 1268
    40/100: 1262
    41/100: 1257
    42/100: 1252
    43/100: 1247
    44/100: 1242
    45/100: 1237
    46/100: 1232
    47/100: 1227
    48/100: 1222
    49/100: 1217
    50/100: 1212
    51/100: 1207
    52/100: 1202
    53/100: 1198
    54/100: 1194
    55/100: 1190
    56/100: 1186
    57/100: 1182
    58/100: 1178
    59/100: 1174
    60/100: 1170
    61/100: 1166
    62/100: 1162
    63/100: 1159
    64/100: 1156
    65/100: 1153
    66/100: 1150
    67/100: 1147
    68/100: 1144
    69/100: 1141
    70/100: 1138
    71/100: 1135
    72/100: 1133
    73/100: 1131
    74/100: 1129
    75/100: 1127
    76/100: 1125
    77/100: 1123
    78/100: 1121
    79/100: 1119
    80/100: 1117
    81/100: 1115
    82/100: 1113
    83/100: 1111
    84/100: 1110
    85/100: 1109
    86/100: 1108
    87/100: 1107
    88/100: 1106
    89/100: 1105
    90/100: 1104
    91/100: 1103
    92/100: 1103
    93/100: 1103
    94/100: 1103
    95/100: 1103
    96/100: 1103
    97/100: 1103
    98/100: 1103
    99/100: 1103
    100/100: 1103
Lowest Cost: 1103




Running Tabu Search (Length: 50, Iterations: 100)
    1/100: 1500
    2/100: 1492
    3/100: 1484
    4/100: 1476
    5/100: 1468
    6/100: 1460
    7/100: 1452
    8/100: 1444
    9/100: 1436
    10/100: 1428
    11/100: 1421
    12/100: 1414
    13/100: 1407
    14/100: 1400
    15/100: 1393
    16/100: 1386
    17/100: 1379
    18/100: 1372
    19/100: 1365
    20/100: 1358
    21/100: 1352
    22/100: 1346
    23/100: 1340
    24/100: 1334
    25/100: 1328
    26/100: 1322
    27/100: 1316
    28/100: 1310
    29/100: 1304
    30/100: 1298
    31/100: 1293
    32/100: 1288
    33/100: 1283
    34/100: 1278
    35/100: 1273
    36/100: 1268
    37/100: 1263
    38/100: 1258
    39/100: 1253
    40/100: 1248
    41/100: 1243
    42/100: 1238
    43/100: 1233
    44/100: 1228
    45/100: 1223
    46/100: 1218
    47/100: 1214
    48/100: 1210
    49/100: 1206
    50/100: 1202
    51/100: 1198
    52/100: 1194
    53/100: 1190
    54/100: 1186
    55/100: 1182
    56/100: 1178
    57/100: 1174
    58/100: 1170
    59/100: 1167
    60/100: 1164
    61/100: 1161
    62/100: 1158
    63/100: 1155
    64/100: 1152
    65/100: 1149
    66/100: 1146
    67/100: 1143
    68/100: 1141
    69/100: 1139
    70/100: 1137
    71/100: 1135
    72/100: 1133
    73/100: 1131
    74/100: 1129
    75/100: 1127
    76/100: 1125
    77/100: 1123
    78/100: 1121
    79/100: 1119
    80/100: 1117
    81/100: 1116
    82/100: 1115
    83/100: 1114
    84/100: 1113
    85/100: 1112
    86/100: 1111
    87/100: 1110
    88/100: 1109
    89/100: 1108
    90/100: 1107
    91/100: 1106
    92/100: 1105
    93/100: 1104
    94/100: 1103
    95/100: 1103
    96/100: 1103
    97/100: 1103
    98/100: 1103
    99/100: 1103
    100/100: 1103
Lowest Cost: 1103


